<?xml version="1.0" encoding="UTF-8"?>
<coverage generated="1759745033">
  <project timestamp="1759745033">
    <package name="Phauthentic\CognitiveCodeAnalysis">
      <file name="/home/florian/projects/cognitive-code-analysis/src/Application.php">
        <class name="Phauthentic\CognitiveCodeAnalysis\Application" namespace="Phauthentic\CognitiveCodeAnalysis">
          <metrics complexity="15" methods="13" coveredmethods="12" conditionals="0" coveredconditionals="0" statements="150" coveredstatements="145" elements="163" coveredelements="157"/>
        </class>
        <line num="57" type="method" name="__construct" visibility="public" complexity="1" crap="1" count="32"/>
        <line num="59" type="stmt" count="32"/>
        <line num="60" type="stmt" count="32"/>
        <line num="63" type="method" name="registerServices" visibility="private" complexity="3" crap="3" count="32"/>
        <line num="65" type="stmt" count="32"/>
        <line num="67" type="stmt" count="32"/>
        <line num="68" type="stmt" count="32"/>
        <line num="70" type="stmt" count="32"/>
        <line num="71" type="stmt" count="32"/>
        <line num="73" type="stmt" count="32"/>
        <line num="74" type="stmt" count="32"/>
        <line num="76" type="stmt" count="32"/>
        <line num="77" type="stmt" count="32"/>
        <line num="79" type="stmt" count="32"/>
        <line num="80" type="stmt" count="32"/>
        <line num="82" type="stmt" count="32"/>
        <line num="83" type="stmt" count="32"/>
        <line num="85" type="stmt" count="32"/>
        <line num="86" type="stmt" count="32"/>
        <line num="87" type="stmt" count="32"/>
        <line num="88" type="stmt" count="32"/>
        <line num="89" type="stmt" count="32"/>
        <line num="91" type="stmt" count="32"/>
        <line num="92" type="stmt" count="32"/>
        <line num="93" type="stmt" count="32"/>
        <line num="94" type="stmt" count="32"/>
        <line num="95" type="stmt" count="32"/>
        <line num="97" type="stmt" count="32"/>
        <line num="98" type="stmt" count="32"/>
        <line num="100" type="stmt" count="32"/>
        <line num="101" type="stmt" count="32"/>
        <line num="103" type="stmt" count="32"/>
        <line num="104" type="stmt" count="32"/>
        <line num="106" type="stmt" count="32"/>
        <line num="107" type="stmt" count="32"/>
        <line num="109" type="stmt" count="32"/>
        <line num="110" type="stmt" count="32"/>
        <line num="112" type="stmt" count="32"/>
        <line num="113" type="stmt" count="32"/>
        <line num="115" type="stmt" count="32"/>
        <line num="116" type="stmt" count="32"/>
        <line num="118" type="stmt" count="32"/>
        <line num="119" type="stmt" count="32"/>
        <line num="121" type="stmt" count="32"/>
        <line num="122" type="stmt" count="32"/>
        <line num="123" type="stmt" count="32"/>
        <line num="125" type="stmt" count="32"/>
        <line num="126" type="stmt" count="32"/>
        <line num="128" type="stmt" count="32"/>
        <line num="129" type="stmt" count="32"/>
        <line num="130" type="stmt" count="32"/>
        <line num="131" type="stmt" count="32"/>
        <line num="132" type="stmt" count="32"/>
        <line num="133" type="stmt" count="32"/>
        <line num="135" type="stmt" count="32"/>
        <line num="136" type="stmt" count="32"/>
        <line num="137" type="stmt" count="32"/>
        <line num="138" type="stmt" count="32"/>
        <line num="139" type="stmt" count="32"/>
        <line num="140" type="stmt" count="32"/>
        <line num="142" type="stmt" count="32"/>
        <line num="143" type="stmt" count="32"/>
        <line num="144" type="stmt" count="32"/>
        <line num="145" type="stmt" count="32"/>
        <line num="146" type="stmt" count="32"/>
        <line num="147" type="stmt" count="32"/>
        <line num="150" type="method" name="bootstrap" visibility="private" complexity="1" crap="1" count="32"/>
        <line num="152" type="stmt" count="32"/>
        <line num="153" type="stmt" count="32"/>
        <line num="154" type="stmt" count="32"/>
        <line num="155" type="stmt" count="32"/>
        <line num="156" type="stmt" count="32"/>
        <line num="157" type="stmt" count="32"/>
        <line num="158" type="stmt" count="32"/>
        <line num="161" type="method" name="bootstrapMetricsCollectors" visibility="private" complexity="1" crap="1" count="32"/>
        <line num="163" type="stmt" count="32"/>
        <line num="164" type="stmt" count="32"/>
        <line num="165" type="stmt" count="32"/>
        <line num="166" type="stmt" count="32"/>
        <line num="167" type="stmt" count="32"/>
        <line num="168" type="stmt" count="32"/>
        <line num="169" type="stmt" count="32"/>
        <line num="170" type="stmt" count="32"/>
        <line num="173" type="method" name="configureEventBus" visibility="private" complexity="1" crap="1" count="32"/>
        <line num="175" type="stmt" count="32"/>
        <line num="176" type="stmt" count="32"/>
        <line num="177" type="stmt" count="32"/>
        <line num="179" type="stmt" count="32"/>
        <line num="180" type="stmt" count="32"/>
        <line num="181" type="stmt" count="32"/>
        <line num="182" type="stmt" count="32"/>
        <line num="184" type="stmt" count="32"/>
        <line num="186" type="stmt" count="32"/>
        <line num="187" type="stmt" count="32"/>
        <line num="188" type="stmt" count="32"/>
        <line num="190" type="stmt" count="32"/>
        <line num="193" type="method" name="configureConfigService" visibility="private" complexity="1" crap="1" count="32"/>
        <line num="195" type="stmt" count="32"/>
        <line num="196" type="stmt" count="32"/>
        <line num="197" type="stmt" count="32"/>
        <line num="198" type="stmt" count="32"/>
        <line num="199" type="stmt" count="32"/>
        <line num="200" type="stmt" count="32"/>
        <line num="203" type="method" name="registerMetricsFacade" visibility="private" complexity="1" crap="1" count="32"/>
        <line num="205" type="stmt" count="32"/>
        <line num="206" type="stmt" count="32"/>
        <line num="207" type="stmt" count="32"/>
        <line num="208" type="stmt" count="32"/>
        <line num="209" type="stmt" count="32"/>
        <line num="210" type="stmt" count="32"/>
        <line num="211" type="stmt" count="32"/>
        <line num="212" type="stmt" count="32"/>
        <line num="213" type="stmt" count="32"/>
        <line num="216" type="method" name="registerCommands" visibility="private" complexity="1" crap="1" count="32"/>
        <line num="218" type="stmt" count="32"/>
        <line num="219" type="stmt" count="32"/>
        <line num="220" type="stmt" count="32"/>
        <line num="221" type="stmt" count="32"/>
        <line num="222" type="stmt" count="32"/>
        <line num="223" type="stmt" count="32"/>
        <line num="224" type="stmt" count="32"/>
        <line num="225" type="stmt" count="32"/>
        <line num="226" type="stmt" count="32"/>
        <line num="228" type="stmt" count="32"/>
        <line num="229" type="stmt" count="32"/>
        <line num="230" type="stmt" count="32"/>
        <line num="231" type="stmt" count="32"/>
        <line num="232" type="stmt" count="32"/>
        <line num="233" type="stmt" count="32"/>
        <line num="234" type="stmt" count="32"/>
        <line num="237" type="method" name="configureApplication" visibility="private" complexity="1" crap="1" count="32"/>
        <line num="239" type="stmt" count="32"/>
        <line num="240" type="stmt" count="32"/>
        <line num="241" type="stmt" count="32"/>
        <line num="242" type="stmt" count="32"/>
        <line num="243" type="stmt" count="32"/>
        <line num="244" type="stmt" count="32"/>
        <line num="245" type="stmt" count="32"/>
        <line num="246" type="stmt" count="32"/>
        <line num="249" type="method" name="run" visibility="public" complexity="1" crap="2" count="0"/>
        <line num="251" type="stmt" count="0"/>
        <line num="253" type="stmt" count="0"/>
        <line num="254" type="stmt" count="0"/>
        <line num="255" type="stmt" count="0"/>
        <line num="256" type="stmt" count="0"/>
        <line num="259" type="method" name="get" visibility="public" complexity="1" crap="1" count="32"/>
        <line num="261" type="stmt" count="32"/>
        <line num="264" type="method" name="getContainer" visibility="public" complexity="1" crap="1" count="28"/>
        <line num="266" type="stmt" count="28"/>
        <line num="274" type="method" name="setUpEventHandlersLocator" visibility="private" complexity="1" crap="1" count="32"/>
        <line num="276" type="stmt" count="32"/>
        <line num="277" type="stmt" count="32"/>
        <line num="278" type="stmt" count="32"/>
        <line num="279" type="stmt" count="32"/>
        <line num="280" type="stmt" count="32"/>
        <line num="281" type="stmt" count="32"/>
        <line num="282" type="stmt" count="32"/>
        <line num="283" type="stmt" count="32"/>
        <line num="284" type="stmt" count="32"/>
        <line num="285" type="stmt" count="32"/>
        <line num="286" type="stmt" count="32"/>
        <line num="287" type="stmt" count="32"/>
        <line num="288" type="stmt" count="32"/>
        <metrics loc="291" ncloc="282" classes="1" methods="13" coveredmethods="12" conditionals="0" coveredconditionals="0" statements="150" coveredstatements="145" elements="163" coveredelements="157"/>
      </file>
      <file name="/home/florian/projects/cognitive-code-analysis/src/CognitiveAnalysisException.php">
        <class name="Phauthentic\CognitiveCodeAnalysis\CognitiveAnalysisException" namespace="Phauthentic\CognitiveCodeAnalysis">
          <metrics complexity="0" methods="0" coveredmethods="0" conditionals="0" coveredconditionals="0" statements="0" coveredstatements="0" elements="0" coveredelements="0"/>
        </class>
        <metrics loc="15" ncloc="12" classes="0" methods="0" coveredmethods="0" conditionals="0" coveredconditionals="0" statements="0" coveredstatements="0" elements="0" coveredelements="0"/>
      </file>
    </package>
    <package name="Phauthentic\CognitiveCodeAnalysis\Business\Churn\ChangeCounter">
      <file name="/home/florian/projects/cognitive-code-analysis/src/Business/Churn/ChangeCounter/ChangeCounterFactory.php">
        <class name="Phauthentic\CognitiveCodeAnalysis\Business\Churn\ChangeCounter\ChangeCounterFactory" namespace="Phauthentic\CognitiveCodeAnalysis\Business\Churn\ChangeCounter">
          <metrics complexity="3" methods="1" coveredmethods="1" conditionals="0" coveredconditionals="0" statements="2" coveredstatements="2" elements="3" coveredelements="3"/>
        </class>
        <line num="18" type="method" name="create" visibility="public" complexity="3" crap="3" count="5"/>
        <line num="21" type="stmt" count="5"/>
        <line num="22" type="stmt" count="5"/>
        <metrics loc="26" ncloc="19" classes="1" methods="1" coveredmethods="1" conditionals="0" coveredconditionals="0" statements="2" coveredstatements="2" elements="3" coveredelements="3"/>
      </file>
      <file name="/home/florian/projects/cognitive-code-analysis/src/Business/Churn/ChangeCounter/GitChangeCounter.php">
        <class name="Phauthentic\CognitiveCodeAnalysis\Business\Churn\ChangeCounter\GitChangeCounter" namespace="Phauthentic\CognitiveCodeAnalysis\Business\Churn\ChangeCounter">
          <metrics complexity="4" methods="2" coveredmethods="1" conditionals="0" coveredconditionals="0" statements="15" coveredstatements="12" elements="17" coveredelements="13"/>
        </class>
        <line num="17" type="method" name="getNumberOfChangesForFile" visibility="public" complexity="1" crap="1" count="5"/>
        <line num="19" type="stmt" count="5"/>
        <line num="20" type="stmt" count="5"/>
        <line num="21" type="stmt" count="5"/>
        <line num="22" type="stmt" count="5"/>
        <line num="23" type="stmt" count="5"/>
        <line num="24" type="stmt" count="5"/>
        <line num="26" type="stmt" count="5"/>
        <line num="27" type="stmt" count="5"/>
        <line num="28" type="stmt" count="5"/>
        <line num="30" type="stmt" count="5"/>
        <line num="32" type="stmt" count="5"/>
        <line num="42" type="method" name="assertValidExitCode" visibility="public" complexity="3" crap="6.80" count="5"/>
        <line num="44" type="stmt" count="5"/>
        <line num="45" type="stmt" count="0"/>
        <line num="46" type="stmt" count="0"/>
        <line num="47" type="stmt" count="0"/>
        <metrics loc="51" ncloc="38" classes="1" methods="2" coveredmethods="1" conditionals="0" coveredconditionals="0" statements="15" coveredstatements="12" elements="17" coveredelements="13"/>
      </file>
    </package>
    <file name="/home/florian/projects/cognitive-code-analysis/src/Business/Churn/ChangeCounter/ChangeCounterInterface.php">
      <metrics loc="11" ncloc="11" classes="0" methods="0" coveredmethods="0" conditionals="0" coveredconditionals="0" statements="0" coveredstatements="0" elements="0" coveredelements="0"/>
    </file>
    <package name="Phauthentic\CognitiveCodeAnalysis\Business\Churn">
      <file name="/home/florian/projects/cognitive-code-analysis/src/Business/Churn/ChurnCalculator.php">
        <class name="Phauthentic\CognitiveCodeAnalysis\Business\Churn\ChurnCalculator" namespace="Phauthentic\CognitiveCodeAnalysis\Business\Churn">
          <metrics complexity="17" methods="6" coveredmethods="5" conditionals="0" coveredconditionals="0" statements="43" coveredstatements="42" elements="49" coveredelements="47"/>
        </class>
        <line num="22" type="method" name="calculate" visibility="public" complexity="1" crap="1" count="9"/>
        <line num="26" type="stmt" count="9"/>
        <line num="27" type="stmt" count="9"/>
        <line num="28" type="stmt" count="9"/>
        <line num="30" type="stmt" count="9"/>
        <line num="37" type="method" name="sortClassesByChurnDescending" visibility="public" complexity="1" crap="1" count="9"/>
        <line num="39" type="stmt" count="9"/>
        <line num="40" type="stmt" count="8"/>
        <line num="41" type="stmt" count="9"/>
        <line num="43" type="stmt" count="9"/>
        <line num="51" type="method" name="calculateChurn" visibility="public" complexity="3" crap="3" count="9"/>
        <line num="53" type="stmt" count="9"/>
        <line num="55" type="stmt" count="9"/>
        <line num="58" type="stmt" count="9"/>
        <line num="59" type="stmt" count="9"/>
        <line num="60" type="stmt" count="9"/>
        <line num="62" type="stmt" count="9"/>
        <line num="63" type="stmt" count="3"/>
        <line num="64" type="stmt" count="3"/>
        <line num="65" type="stmt" count="3"/>
        <line num="68" type="stmt" count="9"/>
        <line num="69" type="stmt" count="9"/>
        <line num="70" type="stmt" count="9"/>
        <line num="73" type="stmt" count="9"/>
        <line num="81" type="method" name="groupByClasses" visibility="public" complexity="4" crap="4.01" count="9"/>
        <line num="83" type="stmt" count="9"/>
        <line num="84" type="stmt" count="9"/>
        <line num="85" type="stmt" count="0"/>
        <line num="88" type="stmt" count="9"/>
        <line num="89" type="stmt" count="9"/>
        <line num="90" type="stmt" count="9"/>
        <line num="91" type="stmt" count="9"/>
        <line num="92" type="stmt" count="9"/>
        <line num="93" type="stmt" count="9"/>
        <line num="96" type="stmt" count="9"/>
        <line num="97" type="stmt" count="9"/>
        <line num="99" type="stmt" count="9"/>
        <line num="109" type="method" name="getCoverageForClass" visibility="private" complexity="1" crap="1" count="3"/>
        <line num="112" type="stmt" count="3"/>
        <line num="113" type="stmt" count="3"/>
        <line num="116" type="stmt" count="3"/>
        <line num="126" type="method" name="calculateRiskLevel" visibility="private" complexity="7" crap="7" count="3"/>
        <line num="128" type="stmt" count="3"/>
        <line num="129" type="stmt" count="2"/>
        <line num="132" type="stmt" count="3"/>
        <line num="133" type="stmt" count="1"/>
        <line num="136" type="stmt" count="3"/>
        <line num="137" type="stmt" count="1"/>
        <line num="140" type="stmt" count="3"/>
        <metrics loc="143" ncloc="101" classes="1" methods="6" coveredmethods="5" conditionals="0" coveredconditionals="0" statements="43" coveredstatements="42" elements="49" coveredelements="47"/>
      </file>
    </package>
    <package name="Phauthentic\CognitiveCodeAnalysis\Business\Churn\Exporter">
      <file name="/home/florian/projects/cognitive-code-analysis/src/Business/Churn/Exporter/AbstractExporter.php">
        <class name="Phauthentic\CognitiveCodeAnalysis\Business\Churn\Exporter\AbstractExporter" namespace="Phauthentic\CognitiveCodeAnalysis\Business\Churn\Exporter">
          <metrics complexity="7" methods="2" coveredmethods="0" conditionals="0" coveredconditionals="0" statements="7" coveredstatements="5" elements="9" coveredelements="5"/>
        </class>
        <line num="14" type="method" name="writeFile" visibility="protected" complexity="2" crap="2.50" count="4"/>
        <line num="16" type="stmt" count="4"/>
        <line num="17" type="stmt" count="0"/>
        <line num="24" type="method" name="assertFileIsWritable" visibility="protected" complexity="5" crap="5.20" count="8"/>
        <line num="26" type="stmt" count="8"/>
        <line num="27" type="stmt" count="0"/>
        <line num="30" type="stmt" count="8"/>
        <line num="31" type="stmt" count="8"/>
        <line num="32" type="stmt" count="1"/>
        <metrics loc="36" ncloc="30" classes="1" methods="2" coveredmethods="0" conditionals="0" coveredconditionals="0" statements="7" coveredstatements="5" elements="9" coveredelements="5"/>
      </file>
      <file name="/home/florian/projects/cognitive-code-analysis/src/Business/Churn/Exporter/ChurnExporterFactory.php">
        <class name="Phauthentic\CognitiveCodeAnalysis\Business\Churn\Exporter\ChurnExporterFactory" namespace="Phauthentic\CognitiveCodeAnalysis\Business\Churn\Exporter">
          <metrics complexity="9" methods="3" coveredmethods="2" conditionals="0" coveredconditionals="0" statements="10" coveredstatements="6" elements="13" coveredelements="8"/>
        </class>
        <line num="21" type="method" name="create" visibility="public" complexity="7" crap="13.12" count="1"/>
        <line num="23" type="stmt" count="1"/>
        <line num="24" type="stmt" count="1"/>
        <line num="25" type="stmt" count="0"/>
        <line num="26" type="stmt" count="0"/>
        <line num="27" type="stmt" count="0"/>
        <line num="28" type="stmt" count="0"/>
        <line num="29" type="stmt" count="1"/>
        <line num="30" type="stmt" count="1"/>
        <line num="38" type="method" name="getSupportedTypes" visibility="public" complexity="1" crap="1" count="2"/>
        <line num="40" type="stmt" count="2"/>
        <line num="49" type="method" name="isSupported" visibility="public" complexity="1" crap="1" count="2"/>
        <line num="51" type="stmt" count="2"/>
        <metrics loc="54" ncloc="33" classes="1" methods="3" coveredmethods="2" conditionals="0" coveredconditionals="0" statements="10" coveredstatements="6" elements="13" coveredelements="8"/>
      </file>
      <file name="/home/florian/projects/cognitive-code-analysis/src/Business/Churn/Exporter/CsvExporter.php">
        <class name="Phauthentic\CognitiveCodeAnalysis\Business\Churn\Exporter\CsvExporter" namespace="Phauthentic\CognitiveCodeAnalysis\Business\Churn\Exporter">
          <metrics complexity="2" methods="1" coveredmethods="1" conditionals="0" coveredconditionals="0" statements="12" coveredstatements="12" elements="13" coveredelements="13"/>
        </class>
        <line num="30" type="method" name="export" visibility="public" complexity="2" crap="2" count="3"/>
        <line num="32" type="stmt" count="3"/>
        <line num="34" type="stmt" count="2"/>
        <line num="37" type="stmt" count="2"/>
        <line num="39" type="stmt" count="2"/>
        <line num="41" type="stmt" count="2"/>
        <line num="42" type="stmt" count="2"/>
        <line num="43" type="stmt" count="2"/>
        <line num="44" type="stmt" count="2"/>
        <line num="45" type="stmt" count="2"/>
        <line num="46" type="stmt" count="2"/>
        <line num="47" type="stmt" count="2"/>
        <line num="51" type="stmt" count="2"/>
        <metrics loc="54" ncloc="40" classes="1" methods="1" coveredmethods="1" conditionals="0" coveredconditionals="0" statements="12" coveredstatements="12" elements="13" coveredelements="13"/>
      </file>
      <file name="/home/florian/projects/cognitive-code-analysis/src/Business/Churn/Exporter/HtmlExporter.php">
        <class name="Phauthentic\CognitiveCodeAnalysis\Business\Churn\Exporter\HtmlExporter" namespace="Phauthentic\CognitiveCodeAnalysis\Business\Churn\Exporter">
          <metrics complexity="7" methods="4" coveredmethods="0" conditionals="0" coveredconditionals="0" statements="39" coveredstatements="0" elements="43" coveredelements="0"/>
        </class>
        <line num="28" type="method" name="export" visibility="public" complexity="1" crap="2" count="0"/>
        <line num="30" type="stmt" count="0"/>
        <line num="32" type="stmt" count="0"/>
        <line num="34" type="stmt" count="0"/>
        <line num="37" type="method" name="escape" visibility="private" complexity="1" crap="2" count="0"/>
        <line num="39" type="stmt" count="0"/>
        <line num="42" type="method" name="formatNumber" visibility="private" complexity="1" crap="2" count="0"/>
        <line num="44" type="stmt" count="0"/>
        <line num="52" type="method" name="generateHtml" visibility="private" complexity="4" crap="20" count="0"/>
        <line num="54" type="stmt" count="0"/>
        <line num="56" type="stmt" count="0"/>
        <line num="57" type="stmt" count="0"/>
        <line num="58" type="stmt" count="0"/>
        <line num="59" type="stmt" count="0"/>
        <line num="60" type="stmt" count="0"/>
        <line num="61" type="stmt" count="0"/>
        <line num="62" type="stmt" count="0"/>
        <line num="63" type="stmt" count="0"/>
        <line num="64" type="stmt" count="0"/>
        <line num="65" type="stmt" count="0"/>
        <line num="66" type="stmt" count="0"/>
        <line num="68" type="stmt" count="0"/>
        <line num="74" type="stmt" count="0"/>
        <line num="75" type="stmt" count="0"/>
        <line num="77" type="stmt" count="0"/>
        <line num="78" type="stmt" count="0"/>
        <line num="79" type="stmt" count="0"/>
        <line num="80" type="stmt" count="0"/>
        <line num="81" type="stmt" count="0"/>
        <line num="82" type="stmt" count="0"/>
        <line num="83" type="stmt" count="0"/>
        <line num="84" type="stmt" count="0"/>
        <line num="85" type="stmt" count="0"/>
        <line num="88" type="stmt" count="0"/>
        <line num="89" type="stmt" count="0"/>
        <line num="90" type="stmt" count="0"/>
        <line num="91" type="stmt" count="0"/>
        <line num="92" type="stmt" count="0"/>
        <line num="93" type="stmt" count="0"/>
        <line num="94" type="stmt" count="0"/>
        <line num="96" type="stmt" count="0"/>
        <line num="97" type="stmt" count="0"/>
        <line num="100" type="stmt" count="0"/>
        <metrics loc="103" ncloc="87" classes="1" methods="4" coveredmethods="0" conditionals="0" coveredconditionals="0" statements="39" coveredstatements="0" elements="43" coveredelements="0"/>
      </file>
      <file name="/home/florian/projects/cognitive-code-analysis/src/Business/Churn/Exporter/JsonExporter.php">
        <class name="Phauthentic\CognitiveCodeAnalysis\Business\Churn\Exporter\JsonExporter" namespace="Phauthentic\CognitiveCodeAnalysis\Business\Churn\Exporter">
          <metrics complexity="1" methods="1" coveredmethods="1" conditionals="0" coveredconditionals="0" statements="7" coveredstatements="7" elements="8" coveredelements="8"/>
        </class>
        <line num="17" type="method" name="export" visibility="public" complexity="1" crap="1" count="2"/>
        <line num="19" type="stmt" count="2"/>
        <line num="21" type="stmt" count="2"/>
        <line num="22" type="stmt" count="2"/>
        <line num="23" type="stmt" count="2"/>
        <line num="24" type="stmt" count="2"/>
        <line num="26" type="stmt" count="2"/>
        <line num="28" type="stmt" count="2"/>
        <metrics loc="31" ncloc="27" classes="1" methods="1" coveredmethods="1" conditionals="0" coveredconditionals="0" statements="7" coveredstatements="7" elements="8" coveredelements="8"/>
      </file>
      <file name="/home/florian/projects/cognitive-code-analysis/src/Business/Churn/Exporter/MarkdownExporter.php">
        <class name="Phauthentic\CognitiveCodeAnalysis\Business\Churn\Exporter\MarkdownExporter" namespace="Phauthentic\CognitiveCodeAnalysis\Business\Churn\Exporter">
          <metrics complexity="11" methods="3" coveredmethods="2" conditionals="0" coveredconditionals="0" statements="27" coveredstatements="26" elements="30" coveredelements="28"/>
        </class>
        <line num="48" type="method" name="export" visibility="public" complexity="1" crap="1" count="2"/>
        <line num="50" type="stmt" count="2"/>
        <line num="52" type="stmt" count="2"/>
        <line num="54" type="stmt" count="2"/>
        <line num="61" type="method" name="generateMarkdown" visibility="private" complexity="5" crap="5.01" count="2"/>
        <line num="63" type="stmt" count="2"/>
        <line num="64" type="stmt" count="2"/>
        <line num="66" type="stmt" count="2"/>
        <line num="67" type="stmt" count="2"/>
        <line num="68" type="stmt" count="2"/>
        <line num="71" type="stmt" count="2"/>
        <line num="72" type="stmt" count="2"/>
        <line num="75" type="stmt" count="2"/>
        <line num="76" type="stmt" count="2"/>
        <line num="77" type="stmt" count="0"/>
        <line num="80" type="stmt" count="2"/>
        <line num="83" type="stmt" count="2"/>
        <line num="94" type="method" name="addRow" visibility="private" complexity="5" crap="5" count="2"/>
        <line num="96" type="stmt" count="2"/>
        <line num="97" type="stmt" count="2"/>
        <line num="98" type="stmt" count="2"/>
        <line num="99" type="stmt" count="2"/>
        <line num="100" type="stmt" count="2"/>
        <line num="102" type="stmt" count="2"/>
        <line num="103" type="stmt" count="1"/>
        <line num="106" type="stmt" count="2"/>
        <line num="108" type="stmt" count="2"/>
        <line num="109" type="stmt" count="1"/>
        <line num="110" type="stmt" count="1"/>
        <line num="113" type="stmt" count="2"/>
        <metrics loc="116" ncloc="88" classes="1" methods="3" coveredmethods="2" conditionals="0" coveredconditionals="0" statements="27" coveredstatements="26" elements="30" coveredelements="28"/>
      </file>
      <file name="/home/florian/projects/cognitive-code-analysis/src/Business/Churn/Exporter/SvgTreemapExporter.php">
        <class name="Phauthentic\CognitiveCodeAnalysis\Business\Churn\Exporter\SvgTreemapExporter" namespace="Phauthentic\CognitiveCodeAnalysis\Business\Churn\Exporter">
          <metrics complexity="8" methods="6" coveredmethods="5" conditionals="0" coveredconditionals="0" statements="56" coveredstatements="55" elements="62" coveredelements="60"/>
        </class>
        <line num="26" type="method" name="__construct" visibility="public" complexity="1" crap="1" count="1"/>
        <line num="28" type="stmt" count="1"/>
        <line num="36" type="method" name="export" visibility="public" complexity="2" crap="2.06" count="1"/>
        <line num="38" type="stmt" count="1"/>
        <line num="40" type="stmt" count="1"/>
        <line num="42" type="stmt" count="1"/>
        <line num="43" type="stmt" count="0"/>
        <line num="53" type="method" name="generateSvgTreemap" visibility="private" complexity="1" crap="1" count="1"/>
        <line num="55" type="stmt" count="1"/>
        <line num="57" type="stmt" count="1"/>
        <line num="59" type="stmt" count="1"/>
        <line num="60" type="stmt" count="1"/>
        <line num="61" type="stmt" count="1"/>
        <line num="62" type="stmt" count="1"/>
        <line num="63" type="stmt" count="1"/>
        <line num="64" type="stmt" count="1"/>
        <line num="65" type="stmt" count="1"/>
        <line num="66" type="stmt" count="1"/>
        <line num="67" type="stmt" count="1"/>
        <line num="69" type="stmt" count="1"/>
        <line num="71" type="stmt" count="1"/>
        <line num="82" type="method" name="renderSvgRects" visibility="private" complexity="2" crap="2" count="1"/>
        <line num="84" type="stmt" count="1"/>
        <line num="85" type="stmt" count="1"/>
        <line num="86" type="stmt" count="1"/>
        <line num="87" type="stmt" count="1"/>
        <line num="90" type="stmt" count="1"/>
        <line num="100" type="method" name="renderSvgRect" visibility="private" complexity="1" crap="1" count="1"/>
        <line num="102" type="stmt" count="1"/>
        <line num="103" type="stmt" count="1"/>
        <line num="104" type="stmt" count="1"/>
        <line num="105" type="stmt" count="1"/>
        <line num="106" type="stmt" count="1"/>
        <line num="107" type="stmt" count="1"/>
        <line num="108" type="stmt" count="1"/>
        <line num="109" type="stmt" count="1"/>
        <line num="110" type="stmt" count="1"/>
        <line num="111" type="stmt" count="1"/>
        <line num="112" type="stmt" count="1"/>
        <line num="114" type="stmt" count="1"/>
        <line num="115" type="stmt" count="1"/>
        <line num="116" type="stmt" count="1"/>
        <line num="117" type="stmt" count="1"/>
        <line num="118" type="stmt" count="1"/>
        <line num="119" type="stmt" count="1"/>
        <line num="120" type="stmt" count="1"/>
        <line num="121" type="stmt" count="1"/>
        <line num="122" type="stmt" count="1"/>
        <line num="123" type="stmt" count="1"/>
        <line num="124" type="stmt" count="1"/>
        <line num="125" type="stmt" count="1"/>
        <line num="126" type="stmt" count="1"/>
        <line num="127" type="stmt" count="1"/>
        <line num="136" type="method" name="wrapSvg" visibility="private" complexity="1" crap="1" count="1"/>
        <line num="138" type="stmt" count="1"/>
        <line num="139" type="stmt" count="1"/>
        <line num="140" type="stmt" count="1"/>
        <line num="141" type="stmt" count="1"/>
        <line num="142" type="stmt" count="1"/>
        <line num="147" type="stmt" count="1"/>
        <line num="152" type="stmt" count="1"/>
        <line num="155" type="stmt" count="1"/>
        <metrics loc="158" ncloc="117" classes="1" methods="6" coveredmethods="5" conditionals="0" coveredconditionals="0" statements="56" coveredstatements="55" elements="62" coveredelements="60"/>
      </file>
      <file name="/home/florian/projects/cognitive-code-analysis/src/Business/Churn/Exporter/TreemapMath.php">
        <class name="Phauthentic\CognitiveCodeAnalysis\Business\Churn\Exporter\TreemapMath" namespace="Phauthentic\CognitiveCodeAnalysis\Business\Churn\Exporter">
          <metrics complexity="19" methods="7" coveredmethods="3" conditionals="0" coveredconditionals="0" statements="115" coveredstatements="110" elements="122" coveredelements="113"/>
        </class>
        <line num="28" type="method" name="prepareItems" visibility="public" complexity="3" crap="3" count="1"/>
        <line num="30" type="stmt" count="1"/>
        <line num="31" type="stmt" count="1"/>
        <line num="32" type="stmt" count="1"/>
        <line num="33" type="stmt" count="1"/>
        <line num="34" type="stmt" count="1"/>
        <line num="35" type="stmt" count="1"/>
        <line num="36" type="stmt" count="1"/>
        <line num="37" type="stmt" count="1"/>
        <line num="38" type="stmt" count="1"/>
        <line num="39" type="stmt" count="1"/>
        <line num="42" type="stmt" count="1"/>
        <line num="44" type="stmt" count="1"/>
        <line num="53" type="method" name="findScoreRange" visibility="public" complexity="3" crap="3.14" count="1"/>
        <line num="55" type="stmt" count="1"/>
        <line num="56" type="stmt" count="1"/>
        <line num="57" type="stmt" count="0"/>
        <line num="60" type="stmt" count="1"/>
        <line num="61" type="stmt" count="1"/>
        <line num="63" type="stmt" count="1"/>
        <line num="64" type="stmt" count="0"/>
        <line num="67" type="stmt" count="1"/>
        <line num="78" type="method" name="normalizeScore" visibility="public" complexity="2" crap="2.15" count="1"/>
        <line num="80" type="stmt" count="1"/>
        <line num="81" type="stmt" count="1"/>
        <line num="84" type="stmt" count="0"/>
        <line num="93" type="method" name="scoreToColor" visibility="public" complexity="1" crap="1" count="1"/>
        <line num="95" type="stmt" count="1"/>
        <line num="96" type="stmt" count="1"/>
        <line num="97" type="stmt" count="1"/>
        <line num="98" type="stmt" count="1"/>
        <line num="100" type="stmt" count="1"/>
        <line num="115" type="method" name="calculateTreemapLayout" visibility="public" complexity="1" crap="1" count="1"/>
        <line num="124" type="stmt" count="1"/>
        <line num="125" type="stmt" count="1"/>
        <line num="126" type="stmt" count="1"/>
        <line num="127" type="stmt" count="1"/>
        <line num="128" type="stmt" count="1"/>
        <line num="129" type="stmt" count="1"/>
        <line num="130" type="stmt" count="1"/>
        <line num="131" type="stmt" count="1"/>
        <line num="132" type="stmt" count="1"/>
        <line num="133" type="stmt" count="1"/>
        <line num="134" type="stmt" count="1"/>
        <line num="136" type="stmt" count="1"/>
        <line num="152" type="method" name="layoutTreemap" visibility="private" complexity="4" crap="4" count="1"/>
        <line num="162" type="stmt" count="1"/>
        <line num="163" type="stmt" count="0"/>
        <line num="166" type="stmt" count="1"/>
        <line num="167" type="stmt" count="1"/>
        <line num="168" type="stmt" count="1"/>
        <line num="169" type="stmt" count="1"/>
        <line num="170" type="stmt" count="1"/>
        <line num="171" type="stmt" count="1"/>
        <line num="172" type="stmt" count="1"/>
        <line num="173" type="stmt" count="1"/>
        <line num="174" type="stmt" count="1"/>
        <line num="175" type="stmt" count="1"/>
        <line num="176" type="stmt" count="1"/>
        <line num="178" type="stmt" count="1"/>
        <line num="181" type="stmt" count="1"/>
        <line num="182" type="stmt" count="1"/>
        <line num="183" type="stmt" count="1"/>
        <line num="184" type="stmt" count="1"/>
        <line num="185" type="stmt" count="1"/>
        <line num="187" type="stmt" count="1"/>
        <line num="188" type="stmt" count="1"/>
        <line num="190" type="stmt" count="1"/>
        <line num="192" type="stmt" count="1"/>
        <line num="193" type="stmt" count="1"/>
        <line num="194" type="stmt" count="1"/>
        <line num="195" type="stmt" count="1"/>
        <line num="196" type="stmt" count="1"/>
        <line num="197" type="stmt" count="1"/>
        <line num="198" type="stmt" count="1"/>
        <line num="199" type="stmt" count="1"/>
        <line num="200" type="stmt" count="1"/>
        <line num="201" type="stmt" count="1"/>
        <line num="202" type="stmt" count="1"/>
        <line num="203" type="stmt" count="1"/>
        <line num="204" type="stmt" count="1"/>
        <line num="205" type="stmt" count="1"/>
        <line num="206" type="stmt" count="1"/>
        <line num="207" type="stmt" count="1"/>
        <line num="208" type="stmt" count="1"/>
        <line num="209" type="stmt" count="1"/>
        <line num="210" type="stmt" count="1"/>
        <line num="211" type="stmt" count="1"/>
        <line num="212" type="stmt" count="1"/>
        <line num="213" type="stmt" count="1"/>
        <line num="214" type="stmt" count="1"/>
        <line num="215" type="stmt" count="1"/>
        <line num="218" type="stmt" count="1"/>
        <line num="219" type="stmt" count="1"/>
        <line num="220" type="stmt" count="1"/>
        <line num="221" type="stmt" count="1"/>
        <line num="222" type="stmt" count="1"/>
        <line num="223" type="stmt" count="1"/>
        <line num="224" type="stmt" count="1"/>
        <line num="225" type="stmt" count="1"/>
        <line num="226" type="stmt" count="1"/>
        <line num="227" type="stmt" count="1"/>
        <line num="228" type="stmt" count="1"/>
        <line num="229" type="stmt" count="1"/>
        <line num="230" type="stmt" count="1"/>
        <line num="231" type="stmt" count="1"/>
        <line num="232" type="stmt" count="1"/>
        <line num="233" type="stmt" count="1"/>
        <line num="234" type="stmt" count="1"/>
        <line num="235" type="stmt" count="1"/>
        <line num="236" type="stmt" count="1"/>
        <line num="237" type="stmt" count="1"/>
        <line num="238" type="stmt" count="1"/>
        <line num="239" type="stmt" count="1"/>
        <line num="249" type="method" name="findSplitIndex" visibility="private" complexity="5" crap="5.07" count="1"/>
        <line num="251" type="stmt" count="1"/>
        <line num="252" type="stmt" count="1"/>
        <line num="253" type="stmt" count="1"/>
        <line num="254" type="stmt" count="1"/>
        <line num="255" type="stmt" count="1"/>
        <line num="256" type="stmt" count="1"/>
        <line num="260" type="stmt" count="0"/>
        <metrics loc="263" ncloc="195" classes="1" methods="7" coveredmethods="3" conditionals="0" coveredconditionals="0" statements="115" coveredstatements="110" elements="122" coveredelements="113"/>
      </file>
    </package>
    <file name="/home/florian/projects/cognitive-code-analysis/src/Business/Churn/Exporter/DataExporterInterface.php">
      <metrics loc="17" ncloc="11" classes="0" methods="0" coveredmethods="0" conditionals="0" coveredconditionals="0" statements="0" coveredstatements="0" elements="0" coveredelements="0"/>
    </file>
    <package name="Phauthentic\CognitiveCodeAnalysis\Business\CodeCoverage">
      <file name="/home/florian/projects/cognitive-code-analysis/src/Business/CodeCoverage/AbstractXmlCoverageReader.php">
        <class name="Phauthentic\CognitiveCodeAnalysis\Business\CodeCoverage\AbstractXmlCoverageReader" namespace="Phauthentic\CognitiveCodeAnalysis\Business\CodeCoverage">
          <metrics complexity="17" methods="5" coveredmethods="2" conditionals="0" coveredconditionals="0" statements="42" coveredstatements="34" elements="47" coveredelements="36"/>
        </class>
        <line num="23" type="method" name="__construct" visibility="public" complexity="3" crap="3" count="16"/>
        <line num="25" type="stmt" count="16"/>
        <line num="26" type="stmt" count="2"/>
        <line num="29" type="stmt" count="15"/>
        <line num="31" type="stmt" count="15"/>
        <line num="32" type="stmt" count="15"/>
        <line num="33" type="stmt" count="15"/>
        <line num="35" type="stmt" count="15"/>
        <line num="36" type="stmt" count="2"/>
        <line num="39" type="stmt" count="14"/>
        <line num="47" type="method" name="getAllClasses" visibility="public" complexity="4" crap="4.03" count="1"/>
        <line num="49" type="stmt" count="1"/>
        <line num="50" type="stmt" count="1"/>
        <line num="52" type="stmt" count="1"/>
        <line num="53" type="stmt" count="0"/>
        <line num="56" type="stmt" count="1"/>
        <line num="57" type="stmt" count="1"/>
        <line num="58" type="stmt" count="1"/>
        <line num="62" type="stmt" count="1"/>
        <line num="73" type="method" name="withClassNode" visibility="protected" complexity="2" crap="2" count="11"/>
        <line num="75" type="stmt" count="11"/>
        <line num="76" type="stmt" count="11"/>
        <line num="77" type="stmt" count="4"/>
        <line num="79" type="stmt" count="7"/>
        <line num="85" type="method" name="findClassNode" visibility="protected" complexity="5" crap="5.07" count="11"/>
        <line num="87" type="stmt" count="11"/>
        <line num="88" type="stmt" count="1"/>
        <line num="91" type="stmt" count="11"/>
        <line num="92" type="stmt" count="11"/>
        <line num="93" type="stmt" count="11"/>
        <line num="95" type="stmt" count="11"/>
        <line num="96" type="stmt" count="4"/>
        <line num="97" type="stmt" count="4"/>
        <line num="100" type="stmt" count="7"/>
        <line num="101" type="stmt" count="7"/>
        <line num="102" type="stmt" count="0"/>
        <line num="103" type="stmt" count="0"/>
        <line num="106" type="stmt" count="7"/>
        <line num="108" type="stmt" count="7"/>
        <line num="114" type="method" name="escapeXPathValue" visibility="protected" complexity="3" crap="6.28" count="11"/>
        <line num="116" type="stmt" count="11"/>
        <line num="117" type="stmt" count="11"/>
        <line num="120" type="stmt" count="0"/>
        <line num="121" type="stmt" count="0"/>
        <line num="125" type="stmt" count="0"/>
        <line num="126" type="stmt" count="0"/>
        <line num="128" type="stmt" count="0"/>
        <metrics loc="131" ncloc="107" classes="1" methods="5" coveredmethods="2" conditionals="0" coveredconditionals="0" statements="42" coveredstatements="34" elements="47" coveredelements="36"/>
      </file>
      <file name="/home/florian/projects/cognitive-code-analysis/src/Business/CodeCoverage/CloverReader.php">
        <class name="Phauthentic\CognitiveCodeAnalysis\Business\CodeCoverage\CloverReader" namespace="Phauthentic\CognitiveCodeAnalysis\Business\CodeCoverage">
          <metrics complexity="42" methods="13" coveredmethods="0" conditionals="0" coveredconditionals="0" statements="108" coveredstatements="0" elements="121" coveredelements="0"/>
        </class>
        <line num="22" type="method" name="getLineCoverage" visibility="public" complexity="3" crap="12" count="0"/>
        <line num="24" type="stmt" count="0"/>
        <line num="25" type="stmt" count="0"/>
        <line num="26" type="stmt" count="0"/>
        <line num="27" type="stmt" count="0"/>
        <line num="30" type="stmt" count="0"/>
        <line num="31" type="stmt" count="0"/>
        <line num="32" type="stmt" count="0"/>
        <line num="35" type="stmt" count="0"/>
        <line num="37" type="stmt" count="0"/>
        <line num="38" type="stmt" count="0"/>
        <line num="48" type="method" name="getBranchCoverage" visibility="public" complexity="3" crap="12" count="0"/>
        <line num="50" type="stmt" count="0"/>
        <line num="51" type="stmt" count="0"/>
        <line num="52" type="stmt" count="0"/>
        <line num="53" type="stmt" count="0"/>
        <line num="56" type="stmt" count="0"/>
        <line num="57" type="stmt" count="0"/>
        <line num="58" type="stmt" count="0"/>
        <line num="61" type="stmt" count="0"/>
        <line num="63" type="stmt" count="0"/>
        <line num="64" type="stmt" count="0"/>
        <line num="73" type="method" name="getComplexity" visibility="public" complexity="3" crap="12" count="0"/>
        <line num="75" type="stmt" count="0"/>
        <line num="76" type="stmt" count="0"/>
        <line num="77" type="stmt" count="0"/>
        <line num="78" type="stmt" count="0"/>
        <line num="81" type="stmt" count="0"/>
        <line num="83" type="stmt" count="0"/>
        <line num="84" type="stmt" count="0"/>
        <line num="93" type="method" name="getCoverageDetails" visibility="public" complexity="4" crap="20" count="0"/>
        <line num="95" type="stmt" count="0"/>
        <line num="96" type="stmt" count="0"/>
        <line num="97" type="stmt" count="0"/>
        <line num="98" type="stmt" count="0"/>
        <line num="101" type="stmt" count="0"/>
        <line num="102" type="stmt" count="0"/>
        <line num="103" type="stmt" count="0"/>
        <line num="105" type="stmt" count="0"/>
        <line num="106" type="stmt" count="0"/>
        <line num="107" type="stmt" count="0"/>
        <line num="109" type="stmt" count="0"/>
        <line num="110" type="stmt" count="0"/>
        <line num="111" type="stmt" count="0"/>
        <line num="112" type="stmt" count="0"/>
        <line num="113" type="stmt" count="0"/>
        <line num="114" type="stmt" count="0"/>
        <line num="115" type="stmt" count="0"/>
        <line num="116" type="stmt" count="0"/>
        <line num="117" type="stmt" count="0"/>
        <line num="123" type="method" name="getMetricsNode" visibility="private" complexity="4" crap="20" count="0"/>
        <line num="125" type="stmt" count="0"/>
        <line num="127" type="stmt" count="0"/>
        <line num="128" type="stmt" count="0"/>
        <line num="131" type="stmt" count="0"/>
        <line num="133" type="stmt" count="0"/>
        <line num="139" type="method" name="getFilenameForClass" visibility="private" complexity="3" crap="12" count="0"/>
        <line num="141" type="stmt" count="0"/>
        <line num="142" type="stmt" count="0"/>
        <line num="143" type="stmt" count="0"/>
        <line num="146" type="stmt" count="0"/>
        <line num="154" type="method" name="extractMethodsCoverage" visibility="private" complexity="5" crap="30" count="0"/>
        <line num="156" type="stmt" count="0"/>
        <line num="160" type="stmt" count="0"/>
        <line num="161" type="stmt" count="0"/>
        <line num="162" type="stmt" count="0"/>
        <line num="165" type="stmt" count="0"/>
        <line num="167" type="stmt" count="0"/>
        <line num="168" type="stmt" count="0"/>
        <line num="171" type="stmt" count="0"/>
        <line num="172" type="stmt" count="0"/>
        <line num="173" type="stmt" count="0"/>
        <line num="174" type="stmt" count="0"/>
        <line num="177" type="stmt" count="0"/>
        <line num="179" type="stmt" count="0"/>
        <line num="180" type="stmt" count="0"/>
        <line num="181" type="stmt" count="0"/>
        <line num="182" type="stmt" count="0"/>
        <line num="183" type="stmt" count="0"/>
        <line num="184" type="stmt" count="0"/>
        <line num="188" type="stmt" count="0"/>
        <line num="194" type="method" name="calculateMethodCoverage" visibility="private" complexity="3" crap="12" count="0"/>
        <line num="196" type="stmt" count="0"/>
        <line num="197" type="stmt" count="0"/>
        <line num="199" type="stmt" count="0"/>
        <line num="200" type="stmt" count="0"/>
        <line num="203" type="stmt" count="0"/>
        <line num="205" type="stmt" count="0"/>
        <line num="206" type="stmt" count="0"/>
        <line num="207" type="stmt" count="0"/>
        <line num="215" type="method" name="extractMethodCoverageFromLines" visibility="private" complexity="7" crap="56" count="0"/>
        <line num="217" type="stmt" count="0"/>
        <line num="218" type="stmt" count="0"/>
        <line num="219" type="stmt" count="0"/>
        <line num="221" type="stmt" count="0"/>
        <line num="222" type="stmt" count="0"/>
        <line num="223" type="stmt" count="0"/>
        <line num="226" type="stmt" count="0"/>
        <line num="227" type="stmt" count="0"/>
        <line num="229" type="stmt" count="0"/>
        <line num="230" type="stmt" count="0"/>
        <line num="231" type="stmt" count="0"/>
        <line num="234" type="stmt" count="0"/>
        <line num="235" type="stmt" count="0"/>
        <line num="238" type="stmt" count="0"/>
        <line num="239" type="stmt" count="0"/>
        <line num="240" type="stmt" count="0"/>
        <line num="241" type="stmt" count="0"/>
        <line num="246" type="stmt" count="0"/>
        <line num="247" type="stmt" count="0"/>
        <line num="248" type="stmt" count="0"/>
        <line num="249" type="stmt" count="0"/>
        <line num="252" type="method" name="isMethodStart" visibility="private" complexity="2" crap="6" count="0"/>
        <line num="254" type="stmt" count="0"/>
        <line num="257" type="method" name="isMethodEnd" visibility="private" complexity="2" crap="6" count="0"/>
        <line num="259" type="stmt" count="0"/>
        <line num="262" type="method" name="isMethodStatement" visibility="private" complexity="2" crap="6" count="0"/>
        <line num="264" type="stmt" count="0"/>
        <line num="267" type="method" name="isStatementCovered" visibility="private" complexity="1" crap="2" count="0"/>
        <line num="269" type="stmt" count="0"/>
        <line num="270" type="stmt" count="0"/>
        <metrics loc="273" ncloc="220" classes="1" methods="13" coveredmethods="0" conditionals="0" coveredconditionals="0" statements="108" coveredstatements="0" elements="121" coveredelements="0"/>
      </file>
      <file name="/home/florian/projects/cognitive-code-analysis/src/Business/CodeCoverage/CoberturaReader.php">
        <class name="Phauthentic\CognitiveCodeAnalysis\Business\CodeCoverage\CoberturaReader" namespace="Phauthentic\CognitiveCodeAnalysis\Business\CodeCoverage">
          <metrics complexity="11" methods="5" coveredmethods="4" conditionals="0" coveredconditionals="0" statements="36" coveredstatements="35" elements="41" coveredelements="39"/>
        </class>
        <line num="20" type="method" name="getLineCoverage" visibility="public" complexity="2" crap="2" count="4"/>
        <line num="22" type="stmt" count="4"/>
        <line num="23" type="stmt" count="3"/>
        <line num="24" type="stmt" count="3"/>
        <line num="25" type="stmt" count="4"/>
        <line num="34" type="method" name="getBranchCoverage" visibility="public" complexity="2" crap="2" count="2"/>
        <line num="36" type="stmt" count="2"/>
        <line num="37" type="stmt" count="1"/>
        <line num="38" type="stmt" count="1"/>
        <line num="39" type="stmt" count="2"/>
        <line num="48" type="method" name="getComplexity" visibility="public" complexity="2" crap="2" count="2"/>
        <line num="50" type="stmt" count="2"/>
        <line num="51" type="stmt" count="1"/>
        <line num="52" type="stmt" count="1"/>
        <line num="53" type="stmt" count="2"/>
        <line num="62" type="method" name="getCoverageDetails" visibility="public" complexity="1" crap="1" count="3"/>
        <line num="64" type="stmt" count="3"/>
        <line num="65" type="stmt" count="2"/>
        <line num="66" type="stmt" count="2"/>
        <line num="67" type="stmt" count="2"/>
        <line num="68" type="stmt" count="2"/>
        <line num="69" type="stmt" count="2"/>
        <line num="70" type="stmt" count="2"/>
        <line num="71" type="stmt" count="2"/>
        <line num="72" type="stmt" count="2"/>
        <line num="73" type="stmt" count="3"/>
        <line num="81" type="method" name="extractMethodsCoverage" visibility="private" complexity="4" crap="4.01" count="2"/>
        <line num="83" type="stmt" count="2"/>
        <line num="84" type="stmt" count="2"/>
        <line num="86" type="stmt" count="2"/>
        <line num="87" type="stmt" count="0"/>
        <line num="90" type="stmt" count="2"/>
        <line num="91" type="stmt" count="2"/>
        <line num="92" type="stmt" count="2"/>
        <line num="93" type="stmt" count="2"/>
        <line num="94" type="stmt" count="2"/>
        <line num="95" type="stmt" count="2"/>
        <line num="96" type="stmt" count="2"/>
        <line num="97" type="stmt" count="2"/>
        <line num="98" type="stmt" count="2"/>
        <line num="102" type="stmt" count="2"/>
        <metrics loc="105" ncloc="73" classes="1" methods="5" coveredmethods="4" conditionals="0" coveredconditionals="0" statements="36" coveredstatements="35" elements="41" coveredelements="39"/>
      </file>
      <file name="/home/florian/projects/cognitive-code-analysis/src/Business/CodeCoverage/CoverageDetails.php">
        <class name="Phauthentic\CognitiveCodeAnalysis\Business\CodeCoverage\CoverageDetails" namespace="Phauthentic\CognitiveCodeAnalysis\Business\CodeCoverage">
          <metrics complexity="7" methods="7" coveredmethods="7" conditionals="0" coveredconditionals="0" statements="12" coveredstatements="12" elements="19" coveredelements="19"/>
        </class>
        <line num="28" type="method" name="__construct" visibility="public" complexity="1" crap="1" count="2"/>
        <line num="36" type="stmt" count="2"/>
        <line num="37" type="stmt" count="2"/>
        <line num="38" type="stmt" count="2"/>
        <line num="39" type="stmt" count="2"/>
        <line num="40" type="stmt" count="2"/>
        <line num="41" type="stmt" count="2"/>
        <line num="44" type="method" name="getName" visibility="public" complexity="1" crap="1" count="1"/>
        <line num="46" type="stmt" count="1"/>
        <line num="49" type="method" name="getFilename" visibility="public" complexity="1" crap="1" count="1"/>
        <line num="51" type="stmt" count="1"/>
        <line num="54" type="method" name="getLineRate" visibility="public" complexity="1" crap="1" count="1"/>
        <line num="56" type="stmt" count="1"/>
        <line num="59" type="method" name="getBranchRate" visibility="public" complexity="1" crap="1" count="1"/>
        <line num="61" type="stmt" count="1"/>
        <line num="64" type="method" name="getComplexity" visibility="public" complexity="1" crap="1" count="1"/>
        <line num="66" type="stmt" count="1"/>
        <line num="72" type="method" name="getMethods" visibility="public" complexity="1" crap="1" count="2"/>
        <line num="74" type="stmt" count="2"/>
        <metrics loc="77" ncloc="62" classes="1" methods="7" coveredmethods="7" conditionals="0" coveredconditionals="0" statements="12" coveredstatements="12" elements="19" coveredelements="19"/>
      </file>
      <file name="/home/florian/projects/cognitive-code-analysis/src/Business/CodeCoverage/MethodCoverage.php">
        <class name="Phauthentic\CognitiveCodeAnalysis\Business\CodeCoverage\MethodCoverage" namespace="Phauthentic\CognitiveCodeAnalysis\Business\CodeCoverage">
          <metrics complexity="5" methods="5" coveredmethods="4" conditionals="0" coveredconditionals="0" statements="8" coveredstatements="7" elements="13" coveredelements="11"/>
        </class>
        <line num="17" type="method" name="__construct" visibility="public" complexity="1" crap="1" count="2"/>
        <line num="23" type="stmt" count="2"/>
        <line num="24" type="stmt" count="2"/>
        <line num="25" type="stmt" count="2"/>
        <line num="26" type="stmt" count="2"/>
        <line num="29" type="method" name="getName" visibility="public" complexity="1" crap="2" count="0"/>
        <line num="31" type="stmt" count="0"/>
        <line num="34" type="method" name="getLineRate" visibility="public" complexity="1" crap="1" count="1"/>
        <line num="36" type="stmt" count="1"/>
        <line num="39" type="method" name="getBranchRate" visibility="public" complexity="1" crap="1" count="1"/>
        <line num="41" type="stmt" count="1"/>
        <line num="44" type="method" name="getComplexity" visibility="public" complexity="1" crap="1" count="1"/>
        <line num="46" type="stmt" count="1"/>
        <metrics loc="49" ncloc="46" classes="1" methods="5" coveredmethods="4" conditionals="0" coveredconditionals="0" statements="8" coveredstatements="7" elements="13" coveredelements="11"/>
      </file>
    </package>
    <file name="/home/florian/projects/cognitive-code-analysis/src/Business/CodeCoverage/CoverageReportReaderInterface.php">
      <metrics loc="51" ncloc="19" classes="0" methods="0" coveredmethods="0" conditionals="0" coveredconditionals="0" statements="0" coveredstatements="0" elements="0" coveredelements="0"/>
    </file>
    <package name="Phauthentic\CognitiveCodeAnalysis\Business\Cognitive">
      <file name="/home/florian/projects/cognitive-code-analysis/src/Business/Cognitive/Baseline.php">
        <class name="Phauthentic\CognitiveCodeAnalysis\Business\Cognitive\Baseline" namespace="Phauthentic\CognitiveCodeAnalysis\Business\Cognitive">
          <metrics complexity="7" methods="2" coveredmethods="0" conditionals="0" coveredconditionals="0" statements="13" coveredstatements="5" elements="15" coveredelements="5"/>
        </class>
        <line num="19" type="method" name="calculateDeltas" visibility="public" complexity="4" crap="20" count="0"/>
        <line num="21" type="stmt" count="0"/>
        <line num="22" type="stmt" count="0"/>
        <line num="23" type="stmt" count="0"/>
        <line num="24" type="stmt" count="0"/>
        <line num="25" type="stmt" count="0"/>
        <line num="28" type="stmt" count="0"/>
        <line num="29" type="stmt" count="0"/>
        <line num="41" type="method" name="loadBaseline" visibility="public" complexity="3" crap="3.04" count="3"/>
        <line num="43" type="stmt" count="3"/>
        <line num="44" type="stmt" count="1"/>
        <line num="47" type="stmt" count="2"/>
        <line num="48" type="stmt" count="2"/>
        <line num="49" type="stmt" count="0"/>
        <line num="52" type="stmt" count="2"/>
        <metrics loc="55" ncloc="41" classes="1" methods="2" coveredmethods="0" conditionals="0" coveredconditionals="0" statements="13" coveredstatements="5" elements="15" coveredelements="5"/>
      </file>
      <file name="/home/florian/projects/cognitive-code-analysis/src/Business/Cognitive/CognitiveMetrics.php">
        <class name="Phauthentic\CognitiveCodeAnalysis\Business\Cognitive\CognitiveMetrics" namespace="Phauthentic\CognitiveCodeAnalysis\Business\Cognitive">
          <metrics complexity="58" methods="52" coveredmethods="49" conditionals="0" coveredconditionals="0" statements="138" coveredstatements="118" elements="190" coveredelements="167"/>
        </class>
        <line num="71" type="method" name="__construct" visibility="public" complexity="3" crap="3" count="64"/>
        <line num="73" type="stmt" count="64"/>
        <line num="74" type="stmt" count="64"/>
        <line num="76" type="stmt" count="64"/>
        <line num="77" type="stmt" count="64"/>
        <line num="78" type="stmt" count="64"/>
        <line num="79" type="stmt" count="64"/>
        <line num="81" type="stmt" count="64"/>
        <line num="82" type="stmt" count="64"/>
        <line num="84" type="stmt" count="64"/>
        <line num="85" type="stmt" count="41"/>
        <line num="88" type="stmt" count="64"/>
        <line num="89" type="stmt" count="41"/>
        <line num="97" type="method" name="setRequiredMetricProperties" visibility="private" complexity="2" crap="2.65" count="64"/>
        <line num="99" type="stmt" count="64"/>
        <line num="100" type="stmt" count="64"/>
        <line num="101" type="stmt" count="0"/>
        <line num="102" type="stmt" count="0"/>
        <line num="103" type="stmt" count="0"/>
        <line num="105" type="stmt" count="0"/>
        <line num="106" type="stmt" count="0"/>
        <line num="107" type="stmt" count="0"/>
        <line num="108" type="stmt" count="0"/>
        <line num="109" type="stmt" count="0"/>
        <line num="110" type="stmt" count="0"/>
        <line num="111" type="stmt" count="0"/>
        <line num="112" type="stmt" count="0"/>
        <line num="114" type="stmt" count="0"/>
        <line num="118" type="stmt" count="64"/>
        <line num="119" type="stmt" count="64"/>
        <line num="120" type="stmt" count="64"/>
        <line num="121" type="stmt" count="64"/>
        <line num="122" type="stmt" count="64"/>
        <line num="123" type="stmt" count="64"/>
        <line num="124" type="stmt" count="64"/>
        <line num="125" type="stmt" count="64"/>
        <line num="132" type="method" name="setOptionalMetricProperties" visibility="private" complexity="1" crap="1" count="64"/>
        <line num="135" type="stmt" count="64"/>
        <line num="136" type="stmt" count="64"/>
        <line num="137" type="stmt" count="64"/>
        <line num="138" type="stmt" count="64"/>
        <line num="139" type="stmt" count="64"/>
        <line num="140" type="stmt" count="64"/>
        <line num="141" type="stmt" count="64"/>
        <line num="142" type="stmt" count="64"/>
        <line num="145" type="method" name="setTimesChanged" visibility="public" complexity="1" crap="1" count="5"/>
        <line num="147" type="stmt" count="5"/>
        <line num="150" type="method" name="assertSame" visibility="private" complexity="2" crap="3.88" count="1"/>
        <line num="152" type="stmt" count="1"/>
        <line num="153" type="stmt" count="1"/>
        <line num="156" type="stmt" count="0"/>
        <line num="157" type="stmt" count="0"/>
        <line num="158" type="stmt" count="0"/>
        <line num="159" type="stmt" count="0"/>
        <line num="160" type="stmt" count="0"/>
        <line num="161" type="stmt" count="0"/>
        <line num="162" type="stmt" count="0"/>
        <line num="168" type="method" name="calculateDeltas" visibility="public" complexity="1" crap="1" count="1"/>
        <line num="170" type="stmt" count="1"/>
        <line num="172" type="stmt" count="1"/>
        <line num="173" type="stmt" count="1"/>
        <line num="174" type="stmt" count="1"/>
        <line num="175" type="stmt" count="1"/>
        <line num="176" type="stmt" count="1"/>
        <line num="177" type="stmt" count="1"/>
        <line num="178" type="stmt" count="1"/>
        <line num="179" type="stmt" count="1"/>
        <line num="186" type="method" name="fromArray" visibility="public" complexity="1" crap="1" count="5"/>
        <line num="188" type="stmt" count="5"/>
        <line num="196" type="method" name="assertArrayKeyIsPresent" visibility="private" complexity="2" crap="2.50" count="64"/>
        <line num="198" type="stmt" count="64"/>
        <line num="199" type="stmt" count="0"/>
        <line num="203" type="method" name="getClass" visibility="public" complexity="1" crap="1" count="61"/>
        <line num="205" type="stmt" count="61"/>
        <line num="208" type="method" name="getMethod" visibility="public" complexity="1" crap="1" count="61"/>
        <line num="210" type="stmt" count="61"/>
        <line num="213" type="method" name="getLineCount" visibility="public" complexity="1" crap="1" count="41"/>
        <line num="215" type="stmt" count="41"/>
        <line num="218" type="method" name="getArgCount" visibility="public" complexity="1" crap="1" count="42"/>
        <line num="220" type="stmt" count="42"/>
        <line num="223" type="method" name="getReturnCount" visibility="public" complexity="1" crap="1" count="42"/>
        <line num="225" type="stmt" count="42"/>
        <line num="228" type="method" name="getVariableCount" visibility="public" complexity="1" crap="1" count="41"/>
        <line num="230" type="stmt" count="41"/>
        <line num="233" type="method" name="getPropertyCallCount" visibility="public" complexity="1" crap="1" count="40"/>
        <line num="235" type="stmt" count="40"/>
        <line num="238" type="method" name="getIfCount" visibility="public" complexity="1" crap="1" count="39"/>
        <line num="240" type="stmt" count="39"/>
        <line num="243" type="method" name="getIfNestingLevel" visibility="public" complexity="1" crap="1" count="40"/>
        <line num="245" type="stmt" count="40"/>
        <line num="248" type="method" name="getElseCount" visibility="public" complexity="1" crap="1" count="40"/>
        <line num="250" type="stmt" count="40"/>
        <line num="253" type="method" name="getLineCountWeight" visibility="public" complexity="1" crap="1" count="40"/>
        <line num="255" type="stmt" count="40"/>
        <line num="258" type="method" name="setLineCountWeight" visibility="public" complexity="1" crap="1" count="30"/>
        <line num="260" type="stmt" count="30"/>
        <line num="263" type="method" name="getArgCountWeight" visibility="public" complexity="1" crap="1" count="40"/>
        <line num="265" type="stmt" count="40"/>
        <line num="268" type="method" name="setArgCountWeight" visibility="public" complexity="1" crap="1" count="30"/>
        <line num="270" type="stmt" count="30"/>
        <line num="273" type="method" name="getReturnCountWeight" visibility="public" complexity="1" crap="1" count="40"/>
        <line num="275" type="stmt" count="40"/>
        <line num="278" type="method" name="setReturnCountWeight" visibility="public" complexity="1" crap="1" count="30"/>
        <line num="280" type="stmt" count="30"/>
        <line num="283" type="method" name="getVariableCountWeight" visibility="public" complexity="1" crap="1" count="40"/>
        <line num="285" type="stmt" count="40"/>
        <line num="288" type="method" name="setVariableCountWeight" visibility="public" complexity="1" crap="1" count="30"/>
        <line num="290" type="stmt" count="30"/>
        <line num="293" type="method" name="getPropertyCallCountWeight" visibility="public" complexity="1" crap="1" count="40"/>
        <line num="295" type="stmt" count="40"/>
        <line num="298" type="method" name="setPropertyCallCountWeight" visibility="public" complexity="1" crap="1" count="30"/>
        <line num="300" type="stmt" count="30"/>
        <line num="303" type="method" name="getIfCountWeight" visibility="public" complexity="1" crap="1" count="39"/>
        <line num="305" type="stmt" count="39"/>
        <line num="308" type="method" name="setIfCountWeight" visibility="public" complexity="1" crap="1" count="30"/>
        <line num="310" type="stmt" count="30"/>
        <line num="313" type="method" name="getIfNestingLevelWeight" visibility="public" complexity="1" crap="1" count="40"/>
        <line num="315" type="stmt" count="40"/>
        <line num="318" type="method" name="setIfNestingLevelWeight" visibility="public" complexity="1" crap="1" count="30"/>
        <line num="320" type="stmt" count="30"/>
        <line num="323" type="method" name="getElseCountWeight" visibility="public" complexity="1" crap="1" count="40"/>
        <line num="325" type="stmt" count="40"/>
        <line num="328" type="method" name="setElseCountWeight" visibility="public" complexity="1" crap="1" count="30"/>
        <line num="330" type="stmt" count="30"/>
        <line num="333" type="method" name="setScore" visibility="public" complexity="1" crap="1" count="45"/>
        <line num="335" type="stmt" count="45"/>
        <line num="338" type="method" name="getScore" visibility="public" complexity="1" crap="1" count="35"/>
        <line num="340" type="stmt" count="35"/>
        <line num="343" type="method" name="getLineCountWeightDelta" visibility="public" complexity="1" crap="1" count="21"/>
        <line num="345" type="stmt" count="21"/>
        <line num="348" type="method" name="getArgCountWeightDelta" visibility="public" complexity="1" crap="1" count="21"/>
        <line num="350" type="stmt" count="21"/>
        <line num="353" type="method" name="getReturnCountWeightDelta" visibility="public" complexity="1" crap="1" count="21"/>
        <line num="355" type="stmt" count="21"/>
        <line num="358" type="method" name="getVariableCountWeightDelta" visibility="public" complexity="1" crap="1" count="21"/>
        <line num="360" type="stmt" count="21"/>
        <line num="363" type="method" name="getPropertyCallCountWeightDelta" visibility="public" complexity="1" crap="1" count="21"/>
        <line num="365" type="stmt" count="21"/>
        <line num="368" type="method" name="getIfCountWeightDelta" visibility="public" complexity="1" crap="1" count="20"/>
        <line num="370" type="stmt" count="20"/>
        <line num="373" type="method" name="getIfNestingLevelWeightDelta" visibility="public" complexity="1" crap="1" count="21"/>
        <line num="375" type="stmt" count="21"/>
        <line num="378" type="method" name="getElseCountWeightDelta" visibility="public" complexity="1" crap="1" count="21"/>
        <line num="380" type="stmt" count="21"/>
        <line num="383" type="method" name="getTimesChanged" visibility="public" complexity="1" crap="1" count="5"/>
        <line num="385" type="stmt" count="5"/>
        <line num="388" type="method" name="getFileName" visibility="public" complexity="1" crap="1" count="25"/>
        <line num="390" type="stmt" count="25"/>
        <line num="393" type="method" name="getLine" visibility="public" complexity="1" crap="1" count="2"/>
        <line num="395" type="stmt" count="2"/>
        <line num="398" type="method" name="equals" visibility="public" complexity="2" crap="2" count="1"/>
        <line num="400" type="stmt" count="1"/>
        <line num="401" type="stmt" count="1"/>
        <line num="407" type="method" name="toArray" visibility="public" complexity="1" crap="1" count="2"/>
        <line num="409" type="stmt" count="2"/>
        <line num="410" type="stmt" count="2"/>
        <line num="411" type="stmt" count="2"/>
        <line num="412" type="stmt" count="2"/>
        <line num="413" type="stmt" count="2"/>
        <line num="414" type="stmt" count="2"/>
        <line num="415" type="stmt" count="2"/>
        <line num="416" type="stmt" count="2"/>
        <line num="417" type="stmt" count="2"/>
        <line num="418" type="stmt" count="2"/>
        <line num="419" type="stmt" count="2"/>
        <line num="420" type="stmt" count="2"/>
        <line num="421" type="stmt" count="2"/>
        <line num="422" type="stmt" count="2"/>
        <line num="423" type="stmt" count="2"/>
        <line num="424" type="stmt" count="2"/>
        <line num="425" type="stmt" count="2"/>
        <line num="426" type="stmt" count="2"/>
        <line num="427" type="stmt" count="2"/>
        <line num="428" type="stmt" count="2"/>
        <line num="429" type="stmt" count="2"/>
        <line num="430" type="stmt" count="2"/>
        <line num="431" type="stmt" count="2"/>
        <line num="432" type="stmt" count="2"/>
        <line num="433" type="stmt" count="2"/>
        <line num="434" type="stmt" count="2"/>
        <line num="435" type="stmt" count="2"/>
        <line num="436" type="stmt" count="2"/>
        <line num="437" type="stmt" count="2"/>
        <line num="438" type="stmt" count="2"/>
        <line num="444" type="method" name="jsonSerialize" visibility="public" complexity="1" crap="1" count="1"/>
        <line num="446" type="stmt" count="1"/>
        <line num="452" type="method" name="getHalstead" visibility="public" complexity="1" crap="1" count="21"/>
        <line num="454" type="stmt" count="21"/>
        <line num="460" type="method" name="getCyclomatic" visibility="public" complexity="1" crap="1" count="21"/>
        <line num="462" type="stmt" count="21"/>
        <metrics loc="465" ncloc="422" classes="1" methods="52" coveredmethods="49" conditionals="0" coveredconditionals="0" statements="138" coveredstatements="118" elements="190" coveredelements="167"/>
      </file>
      <file name="/home/florian/projects/cognitive-code-analysis/src/Business/Cognitive/CognitiveMetricsCollection.php">
        <class name="Phauthentic\CognitiveCodeAnalysis\Business\Cognitive\CognitiveMetricsCollection" namespace="Phauthentic\CognitiveCodeAnalysis\Business\Cognitive">
          <metrics complexity="16" methods="11" coveredmethods="6" conditionals="0" coveredconditionals="0" statements="31" coveredstatements="22" elements="42" coveredelements="28"/>
        </class>
        <line num="30" type="method" name="add" visibility="public" complexity="1" crap="1" count="58"/>
        <line num="32" type="stmt" count="58"/>
        <line num="40" type="method" name="filter" visibility="public" complexity="2" crap="2" count="1"/>
        <line num="42" type="stmt" count="1"/>
        <line num="44" type="stmt" count="1"/>
        <line num="45" type="stmt" count="1"/>
        <line num="46" type="stmt" count="1"/>
        <line num="49" type="stmt" count="1"/>
        <line num="57" type="method" name="getIterator" visibility="public" complexity="1" crap="1" count="46"/>
        <line num="60" type="stmt" count="46"/>
        <line num="66" type="method" name="count" visibility="public" complexity="1" crap="1" count="33"/>
        <line num="68" type="stmt" count="33"/>
        <line num="71" type="method" name="filterWithScoreGreaterThan" visibility="public" complexity="1" crap="2" count="0"/>
        <line num="73" type="stmt" count="0"/>
        <line num="74" type="stmt" count="0"/>
        <line num="75" type="stmt" count="0"/>
        <line num="78" type="method" name="contains" visibility="public" complexity="1" crap="1" count="37"/>
        <line num="80" type="stmt" count="37"/>
        <line num="83" type="method" name="getClassWithMethod" visibility="public" complexity="2" crap="2.06" count="3"/>
        <line num="85" type="stmt" count="3"/>
        <line num="86" type="stmt" count="3"/>
        <line num="87" type="stmt" count="3"/>
        <line num="90" type="stmt" count="0"/>
        <line num="93" type="method" name="filterByClassName" visibility="public" complexity="1" crap="2" count="0"/>
        <line num="95" type="stmt" count="0"/>
        <line num="96" type="stmt" count="0"/>
        <line num="97" type="stmt" count="0"/>
        <line num="100" type="method" name="assertMetricHasGetter" visibility="private" complexity="2" crap="2.50" count="24"/>
        <line num="105" type="stmt" count="24"/>
        <line num="106" type="stmt" count="0"/>
        <line num="117" type="method" name="groupBy" visibility="public" complexity="3" crap="3" count="24"/>
        <line num="119" type="stmt" count="24"/>
        <line num="121" type="stmt" count="24"/>
        <line num="122" type="stmt" count="24"/>
        <line num="123" type="stmt" count="24"/>
        <line num="125" type="stmt" count="24"/>
        <line num="126" type="stmt" count="24"/>
        <line num="127" type="stmt" count="24"/>
        <line num="130" type="stmt" count="24"/>
        <line num="133" type="stmt" count="24"/>
        <line num="139" type="method" name="jsonSerialize" visibility="public" complexity="1" crap="2" count="0"/>
        <line num="141" type="stmt" count="0"/>
        <metrics loc="144" ncloc="110" classes="1" methods="11" coveredmethods="6" conditionals="0" coveredconditionals="0" statements="31" coveredstatements="22" elements="42" coveredelements="28"/>
      </file>
      <file name="/home/florian/projects/cognitive-code-analysis/src/Business/Cognitive/CognitiveMetricsCollector.php">
        <class name="Phauthentic\CognitiveCodeAnalysis\Business\Cognitive\CognitiveMetricsCollector" namespace="Phauthentic\CognitiveCodeAnalysis\Business\Cognitive">
          <metrics complexity="27" methods="12" coveredmethods="6" conditionals="0" coveredconditionals="0" statements="74" coveredstatements="63" elements="86" coveredelements="69"/>
        </class>
        <line num="29" type="method" name="__construct" visibility="public" complexity="1" crap="1" count="43"/>
        <line num="35" type="stmt" count="43"/>
        <line num="45" type="method" name="collect" visibility="public" complexity="1" crap="1" count="15"/>
        <line num="47" type="stmt" count="15"/>
        <line num="58" type="method" name="collectFromPaths" visibility="public" complexity="2" crap="2" count="40"/>
        <line num="60" type="stmt" count="40"/>
        <line num="62" type="stmt" count="40"/>
        <line num="63" type="stmt" count="40"/>
        <line num="64" type="stmt" count="40"/>
        <line num="67" type="stmt" count="36"/>
        <line num="69" type="stmt" count="36"/>
        <line num="75" type="method" name="getCodeFromFile" visibility="private" complexity="2" crap="2.06" count="36"/>
        <line num="77" type="stmt" count="36"/>
        <line num="79" type="stmt" count="36"/>
        <line num="80" type="stmt" count="0"/>
        <line num="83" type="stmt" count="36"/>
        <line num="93" type="method" name="findMetrics" visibility="private" complexity="7" crap="7.36" count="36"/>
        <line num="95" type="stmt" count="36"/>
        <line num="96" type="stmt" count="36"/>
        <line num="98" type="stmt" count="36"/>
        <line num="100" type="stmt" count="36"/>
        <line num="101" type="stmt" count="36"/>
        <line num="102" type="stmt" count="36"/>
        <line num="105" type="stmt" count="36"/>
        <line num="107" type="stmt" count="36"/>
        <line num="110" type="stmt" count="36"/>
        <line num="111" type="stmt" count="14"/>
        <line num="112" type="stmt" count="36"/>
        <line num="114" type="stmt" count="0"/>
        <line num="115" type="stmt" count="0"/>
        <line num="116" type="stmt" count="0"/>
        <line num="117" type="stmt" count="0"/>
        <line num="118" type="stmt" count="0"/>
        <line num="119" type="stmt" count="0"/>
        <line num="122" type="stmt" count="36"/>
        <line num="124" type="stmt" count="36"/>
        <line num="125" type="stmt" count="36"/>
        <line num="126" type="stmt" count="36"/>
        <line num="127" type="stmt" count="34"/>
        <line num="131" type="stmt" count="36"/>
        <line num="132" type="stmt" count="36"/>
        <line num="133" type="stmt" count="36"/>
        <line num="134" type="stmt" count="36"/>
        <line num="135" type="stmt" count="36"/>
        <line num="137" type="stmt" count="36"/>
        <line num="138" type="stmt" count="36"/>
        <line num="139" type="stmt" count="36"/>
        <line num="142" type="stmt" count="36"/>
        <line num="151" type="method" name="processMethodMetrics" visibility="private" complexity="4" crap="4" count="36"/>
        <line num="156" type="stmt" count="36"/>
        <line num="157" type="stmt" count="36"/>
        <line num="158" type="stmt" count="1"/>
        <line num="162" type="stmt" count="36"/>
        <line num="165" type="stmt" count="36"/>
        <line num="166" type="stmt" count="36"/>
        <line num="167" type="stmt" count="36"/>
        <line num="168" type="stmt" count="36"/>
        <line num="169" type="stmt" count="36"/>
        <line num="171" type="stmt" count="36"/>
        <line num="173" type="stmt" count="36"/>
        <line num="174" type="stmt" count="36"/>
        <line num="178" type="stmt" count="36"/>
        <line num="181" type="method" name="isExcluded" visibility="private" complexity="3" crap="3" count="36"/>
        <line num="183" type="stmt" count="36"/>
        <line num="185" type="stmt" count="36"/>
        <line num="186" type="stmt" count="1"/>
        <line num="187" type="stmt" count="1"/>
        <line num="191" type="stmt" count="36"/>
        <line num="201" type="method" name="findSourceFiles" visibility="private" complexity="1" crap="1" count="40"/>
        <line num="203" type="stmt" count="40"/>
        <line num="204" type="stmt" count="40"/>
        <line num="205" type="stmt" count="40"/>
        <line num="206" type="stmt" count="40"/>
        <line num="214" type="method" name="getIgnored" visibility="public" complexity="1" crap="2" count="0"/>
        <line num="216" type="stmt" count="0"/>
[...]
        <line num="162" type="stmt" count="46"/>
        <line num="165" type="method" name="handleClassMethodEnter" visibility="private" complexity="5" crap="5.05" count="46"/>
        <line num="167" type="stmt" count="46"/>
        <line num="169" type="stmt" count="43"/>
        <line num="170" type="stmt" count="20"/>
        <line num="173" type="stmt" count="43"/>
        <line num="176" type="stmt" count="43"/>
        <line num="177" type="stmt" count="0"/>
        <line num="180" type="stmt" count="43"/>
        <line num="181" type="stmt" count="43"/>
        <line num="185" type="method" name="countDecisionPoints" visibility="private" complexity="16" crap="16" count="43"/>
        <line num="188" type="stmt" count="43"/>
        <line num="189" type="stmt" count="43"/>
        <line num="190" type="stmt" count="43"/>
        <line num="191" type="stmt" count="43"/>
        <line num="192" type="stmt" count="43"/>
        <line num="193" type="stmt" count="43"/>
        <line num="194" type="stmt" count="43"/>
        <line num="195" type="stmt" count="43"/>
        <line num="196" type="stmt" count="43"/>
        <line num="197" type="stmt" count="43"/>
        <line num="198" type="stmt" count="43"/>
        <line num="199" type="stmt" count="43"/>
        <line num="200" type="stmt" count="43"/>
        <line num="201" type="stmt" count="43"/>
        <line num="202" type="stmt" count="43"/>
        <line num="206" type="method" name="countIfStatement" visibility="private" complexity="1" crap="1" count="37"/>
        <line num="208" type="stmt" count="37"/>
        <line num="209" type="stmt" count="37"/>
        <line num="212" type="method" name="countElseIfStatement" visibility="private" complexity="1" crap="1" count="12"/>
        <line num="214" type="stmt" count="12"/>
        <line num="215" type="stmt" count="12"/>
        <line num="218" type="method" name="countElseStatement" visibility="private" complexity="1" crap="1" count="17"/>
        <line num="220" type="stmt" count="17"/>
        <line num="224" type="method" name="countSwitchStatement" visibility="private" complexity="1" crap="2" count="0"/>
        <line num="226" type="stmt" count="0"/>
        <line num="227" type="stmt" count="0"/>
        <line num="230" type="method" name="countCaseStatement" visibility="private" complexity="1" crap="2" count="0"/>
        <line num="232" type="stmt" count="0"/>
        <line num="233" type="stmt" count="0"/>
        <line num="236" type="method" name="countWhileStatement" visibility="private" complexity="1" crap="1" count="17"/>
        <line num="238" type="stmt" count="17"/>
        <line num="239" type="stmt" count="17"/>
        <line num="242" type="method" name="countDoWhileStatement" visibility="private" complexity="1" crap="2" count="0"/>
        <line num="244" type="stmt" count="0"/>
        <line num="245" type="stmt" count="0"/>
        <line num="248" type="method" name="countForStatement" visibility="private" complexity="1" crap="1" count="1"/>
        <line num="250" type="stmt" count="1"/>
        <line num="251" type="stmt" count="1"/>
        <line num="254" type="method" name="countForeachStatement" visibility="private" complexity="1" crap="1" count="33"/>
        <line num="256" type="stmt" count="33"/>
        <line num="257" type="stmt" count="33"/>
        <line num="260" type="method" name="countCatchStatement" visibility="private" complexity="1" crap="1" count="33"/>
        <line num="262" type="stmt" count="33"/>
        <line num="263" type="stmt" count="33"/>
        <line num="266" type="method" name="countLogicalAnd" visibility="private" complexity="1" crap="2" count="0"/>
        <line num="268" type="stmt" count="0"/>
        <line num="269" type="stmt" count="0"/>
        <line num="272" type="method" name="countLogicalOr" visibility="private" complexity="1" crap="2" count="0"/>
        <line num="274" type="stmt" count="0"/>
        <line num="275" type="stmt" count="0"/>
        <line num="278" type="method" name="countLogicalXor" visibility="private" complexity="1" crap="2" count="0"/>
        <line num="280" type="stmt" count="0"/>
        <line num="281" type="stmt" count="0"/>
        <line num="284" type="method" name="countTernary" visibility="private" complexity="1" crap="1" count="28"/>
        <line num="286" type="stmt" count="28"/>
        <line num="287" type="stmt" count="28"/>
        <line num="290" type="method" name="handleClassMethodLeave" visibility="private" complexity="4" crap="4" count="46"/>
        <line num="292" type="stmt" count="46"/>
        <line num="294" type="stmt" count="43"/>
        <line num="295" type="stmt" count="20"/>
        <line num="296" type="stmt" count="20"/>
        <line num="299" type="stmt" count="39"/>
        <line num="302" type="stmt" count="39"/>
        <line num="305" type="stmt" count="39"/>
        <line num="306" type="stmt" count="39"/>
        <line num="307" type="stmt" count="39"/>
        <line num="308" type="stmt" count="39"/>
        <line num="309" type="stmt" count="39"/>
        <line num="310" type="stmt" count="39"/>
        <line num="311" type="stmt" count="39"/>
        <line num="312" type="stmt" count="39"/>
        <line num="313" type="stmt" count="39"/>
        <line num="314" type="stmt" count="39"/>
        <line num="315" type="stmt" count="39"/>
        <line num="316" type="stmt" count="39"/>
        <line num="317" type="stmt" count="39"/>
        <line num="318" type="stmt" count="39"/>
        <line num="319" type="stmt" count="39"/>
        <line num="320" type="stmt" count="39"/>
        <line num="321" type="stmt" count="39"/>
        <line num="322" type="stmt" count="39"/>
        <line num="323" type="stmt" count="39"/>
        <line num="326" type="stmt" count="39"/>
        <line num="327" type="stmt" count="39"/>
        <line num="330" type="stmt" count="39"/>
        <line num="334" type="method" name="checkNamespaceLeave" visibility="private" complexity="2" crap="2" count="46"/>
        <line num="336" type="stmt" count="46"/>
        <line num="337" type="stmt" count="45"/>
        <line num="341" type="method" name="checkClassLeave" visibility="private" complexity="3" crap="3" count="46"/>
        <line num="343" type="stmt" count="46"/>
        <line num="344" type="stmt" count="46"/>
        <line num="353" type="method" name="getClassComplexity" visibility="public" complexity="1" crap="1" count="1"/>
        <line num="355" type="stmt" count="1"/>
        <line num="363" type="method" name="getMethodComplexity" visibility="public" complexity="1" crap="1" count="1"/>
        <line num="365" type="stmt" count="1"/>
        <line num="373" type="method" name="getMethodComplexityBreakdown" visibility="public" complexity="1" crap="2" count="0"/>
        <line num="375" type="stmt" count="0"/>
        <line num="383" type="method" name="getComplexitySummary" visibility="public" complexity="5" crap="5" count="45"/>
        <line num="385" type="stmt" count="45"/>
        <line num="386" type="stmt" count="45"/>
        <line num="387" type="stmt" count="45"/>
        <line num="388" type="stmt" count="45"/>
        <line num="389" type="stmt" count="45"/>
        <line num="390" type="stmt" count="45"/>
        <line num="393" type="stmt" count="45"/>
        <line num="394" type="stmt" count="45"/>
        <line num="395" type="stmt" count="45"/>
        <line num="396" type="stmt" count="45"/>
        <line num="397" type="stmt" count="45"/>
        <line num="401" type="stmt" count="45"/>
        <line num="402" type="stmt" count="38"/>
        <line num="403" type="stmt" count="38"/>
        <line num="404" type="stmt" count="38"/>
        <line num="405" type="stmt" count="38"/>
        <line num="406" type="stmt" count="38"/>
        <line num="407" type="stmt" count="38"/>
        <line num="409" type="stmt" count="38"/>
        <line num="410" type="stmt" count="12"/>
        <line num="412" type="stmt" count="38"/>
        <line num="413" type="stmt" count="12"/>
        <line num="417" type="stmt" count="45"/>
        <line num="426" type="method" name="getRiskLevel" visibility="private" complexity="5" crap="5" count="45"/>
        <line num="429" type="stmt" count="45"/>
        <line num="430" type="stmt" count="33"/>
        <line num="431" type="stmt" count="33"/>
        <line num="432" type="stmt" count="45"/>
        <metrics loc="436" ncloc="362" classes="1" methods="32" coveredmethods="23" conditionals="0" coveredconditionals="0" statements="157" coveredstatements="141" elements="189" coveredelements="164"/>
      </file>
      <file name="/home/florian/projects/cognitive-code-analysis/src/PhpParser/HalsteadMetricsVisitor.php">
        <class name="Phauthentic\CognitiveCodeAnalysis\PhpParser\HalsteadMetricsVisitor" namespace="Phauthentic\CognitiveCodeAnalysis\PhpParser">
          <metrics complexity="67" methods="25" coveredmethods="23" conditionals="0" coveredconditionals="0" statements="151" coveredstatements="148" elements="176" coveredelements="171"/>
        </class>
        <line num="44" type="method" name="setAnnotationVisitor" visibility="public" complexity="1" crap="1" count="52"/>
        <line num="46" type="stmt" count="52"/>
        <line num="63" type="method" name="enterNode" visibility="public" complexity="17" crap="17.05" count="46"/>
        <line num="65" type="stmt" count="46"/>
        <line num="66" type="stmt" count="46"/>
        <line num="67" type="stmt" count="45"/>
        <line num="68" type="stmt" count="46"/>
        <line num="69" type="stmt" count="46"/>
        <line num="70" type="stmt" count="46"/>
        <line num="74" type="stmt" count="46"/>
        <line num="75" type="stmt" count="46"/>
        <line num="76" type="stmt" count="46"/>
        <line num="78" type="stmt" count="0"/>
        <line num="80" type="stmt" count="46"/>
        <line num="81" type="stmt" count="46"/>
        <line num="83" type="stmt" count="43"/>
        <line num="84" type="stmt" count="20"/>
        <line num="87" type="stmt" count="43"/>
        <line num="90" type="stmt" count="43"/>
        <line num="91" type="stmt" count="0"/>
        <line num="94" type="stmt" count="43"/>
        <line num="95" type="stmt" count="43"/>
        <line num="96" type="stmt" count="43"/>
        <line num="97" type="stmt" count="46"/>
        <line num="98" type="stmt" count="46"/>
        <line num="99" type="stmt" count="42"/>
        <line num="100" type="stmt" count="42"/>
        <line num="101" type="stmt" count="42"/>
        <line num="103" type="stmt" count="46"/>
        <line num="104" type="stmt" count="46"/>
        <line num="105" type="stmt" count="43"/>
        <line num="106" type="stmt" count="43"/>
        <line num="107" type="stmt" count="43"/>
        <line num="109" type="stmt" count="46"/>
        <line num="110" type="stmt" count="46"/>
        <line num="111" type="stmt" count="46"/>
        <line num="113" type="stmt" count="46"/>
        <line num="114" type="stmt" count="46"/>
        <line num="118" type="method" name="setCurrentNamespace" visibility="private" complexity="2" crap="2" count="45"/>
        <line num="120" type="stmt" count="45"/>
        <line num="123" type="method" name="setCurrentClassName" visibility="private" complexity="3" crap="3" count="46"/>
        <line num="126" type="stmt" count="46"/>
        <line num="127" type="stmt" count="4"/>
        <line num="128" type="stmt" count="4"/>
        <line num="131" type="stmt" count="46"/>
        <line num="133" type="stmt" count="46"/>
        <line num="134" type="stmt" count="46"/>
        <line num="140" type="method" name="normalizeFqcn" visibility="private" complexity="3" crap="3" count="46"/>
        <line num="142" type="stmt" count="46"/>
        <line num="143" type="stmt" count="31"/>
        <line num="146" type="stmt" count="46"/>
        <line num="149" type="method" name="addOperator" visibility="private" complexity="1" crap="1" count="42"/>
        <line num="151" type="stmt" count="42"/>
        <line num="154" type="method" name="addOperand" visibility="private" complexity="1" crap="1" count="43"/>
        <line num="156" type="stmt" count="43"/>
        <line num="159" type="method" name="leaveNode" visibility="public" complexity="6" crap="6" count="46"/>
        <line num="161" type="stmt" count="46"/>
        <line num="163" type="stmt" count="43"/>
        <line num="164" type="stmt" count="39"/>
        <line num="165" type="stmt" count="39"/>
        <line num="167" type="stmt" count="43"/>
        <line num="168" type="stmt" count="43"/>
        <line num="169" type="stmt" count="43"/>
        <line num="172" type="stmt" count="46"/>
        <line num="174" type="stmt" count="46"/>
        <line num="175" type="stmt" count="46"/>
        <line num="178" type="stmt" count="46"/>
        <line num="179" type="stmt" count="45"/>
        <line num="183" type="method" name="isOperator" visibility="private" complexity="4" crap="4" count="46"/>
        <line num="185" type="stmt" count="46"/>
        <line num="186" type="stmt" count="46"/>
        <line num="187" type="stmt" count="46"/>
        <line num="188" type="stmt" count="46"/>
        <line num="191" type="method" name="isOperand" visibility="private" complexity="4" crap="4" count="46"/>
        <line num="193" type="stmt" count="46"/>
        <line num="194" type="stmt" count="46"/>
        <line num="195" type="stmt" count="46"/>
        <line num="196" type="stmt" count="46"/>
        <line num="199" type="method" name="getOperandValue" visibility="private" complexity="5" crap="5.07" count="43"/>
        <line num="201" type="stmt" count="43"/>
        <line num="202" type="stmt" count="42"/>
        <line num="205" type="stmt" count="42"/>
        <line num="206" type="stmt" count="36"/>
        <line num="209" type="stmt" count="42"/>
        <line num="210" type="stmt" count="42"/>
        <line num="213" type="stmt" count="0"/>
        <line num="216" type="method" name="storeClassMetrics" visibility="private" complexity="2" crap="2" count="46"/>
        <line num="218" type="stmt" count="46"/>
        <line num="219" type="stmt" count="42"/>
        <line num="223" type="method" name="resetMetrics" visibility="public" complexity="1" crap="1" count="46"/>
        <line num="226" type="stmt" count="46"/>
        <line num="227" type="stmt" count="46"/>
        <line num="228" type="stmt" count="46"/>
        <line num="229" type="stmt" count="46"/>
        <line num="230" type="stmt" count="46"/>
        <line num="231" type="stmt" count="46"/>
        <line num="232" type="stmt" count="46"/>
        <line num="238" type="method" name="resetAll" visibility="public" complexity="1" crap="1" count="14"/>
        <line num="241" type="stmt" count="14"/>
        <line num="242" type="stmt" count="14"/>
        <line num="243" type="stmt" count="14"/>
        <line num="244" type="stmt" count="14"/>
        <line num="245" type="stmt" count="14"/>
        <line num="246" type="stmt" count="14"/>
        <line num="247" type="stmt" count="14"/>
        <line num="248" type="stmt" count="14"/>
        <line num="249" type="stmt" count="14"/>
        <line num="252" type="method" name="calculateMetrics" visibility="private" complexity="1" crap="1" count="42"/>
        <line num="255" type="stmt" count="42"/>
        <line num="256" type="stmt" count="42"/>
        <line num="257" type="stmt" count="42"/>
        <line num="258" type="stmt" count="42"/>
        <line num="261" type="stmt" count="42"/>
        <line num="262" type="stmt" count="42"/>
        <line num="265" type="stmt" count="42"/>
        <line num="266" type="stmt" count="42"/>
        <line num="267" type="stmt" count="42"/>
        <line num="270" type="stmt" count="42"/>
        <line num="271" type="stmt" count="42"/>
        <line num="272" type="stmt" count="42"/>
        <line num="273" type="stmt" count="42"/>
        <line num="274" type="stmt" count="42"/>
        <line num="275" type="stmt" count="42"/>
        <line num="276" type="stmt" count="42"/>
        <line num="277" type="stmt" count="42"/>
        <line num="278" type="stmt" count="42"/>
        <line num="279" type="stmt" count="42"/>
        <line num="280" type="stmt" count="42"/>
        <line num="281" type="stmt" count="42"/>
        <line num="284" type="method" name="calculateMetricsFor" visibility="private" complexity="4" crap="4" count="39"/>
        <line num="286" type="stmt" count="39"/>
        <line num="287" type="stmt" count="39"/>
        <line num="288" type="stmt" count="39"/>
        <line num="289" type="stmt" count="39"/>
        <line num="290" type="stmt" count="39"/>
        <line num="291" type="stmt" count="39"/>
        <line num="292" type="stmt" count="39"/>
        <line num="293" type="stmt" count="39"/>
        <line num="294" type="stmt" count="39"/>
        <line num="296" type="stmt" count="39"/>
        <line num="297" type="stmt" count="39"/>
        <line num="298" type="stmt" count="39"/>
        <line num="299" type="stmt" count="39"/>
        <line num="300" type="stmt" count="39"/>
        <line num="301" type="stmt" count="39"/>
        <line num="302" type="stmt" count="39"/>
        <line num="303" type="stmt" count="39"/>
        <line num="304" type="stmt" count="39"/>
        <line num="305" type="stmt" count="39"/>
        <line num="306" type="stmt" count="39"/>
        <line num="307" type="stmt" count="39"/>
        <line num="317" type="method" name="calculateProgramLength" visibility="private" complexity="1" crap="1" count="42"/>
        <line num="319" type="stmt" count="42"/>
        <line num="329" type="method" name="calculateProgramVocabulary" visibility="private" complexity="1" crap="1" count="42"/>
        <line num="331" type="stmt" count="42"/>
        <line num="341" type="method" name="calculateVolume" visibility="private" complexity="1" crap="1" count="42"/>
        <line num="343" type="stmt" count="42"/>
        <line num="354" type="method" name="calculateDifficulty" visibility="private" complexity="2" crap="2" count="42"/>
        <line num="356" type="stmt" count="42"/>
        <line num="357" type="stmt" count="4"/>
        <line num="359" type="stmt" count="39"/>
        <line num="367" type="method" name="countDistinctOperators" visibility="private" complexity="1" crap="1" count="42"/>
        <line num="369" type="stmt" count="42"/>
        <line num="377" type="method" name="countDistinctOperands" visibility="private" complexity="1" crap="1" count="42"/>
        <line num="379" type="stmt" count="42"/>
        <line num="387" type="method" name="countTotalOperators" visibility="private" complexity="1" crap="1" count="42"/>
        <line num="389" type="stmt" count="42"/>
        <line num="397" type="method" name="countTotalOperands" visibility="private" complexity="1" crap="1" count="42"/>
        <line num="399" type="stmt" count="42"/>
        <line num="402" type="method" name="getMetrics" visibility="public" complexity="2" crap="2" count="46"/>
        <line num="405" type="stmt" count="46"/>
        <line num="406" type="stmt" count="14"/>
        <line num="409" type="stmt" count="46"/>
        <line num="410" type="stmt" count="46"/>
        <line num="411" type="stmt" count="46"/>
        <line num="412" type="stmt" count="46"/>
        <metrics loc="415" ncloc="316" classes="1" methods="25" coveredmethods="23" conditionals="0" coveredconditionals="0" statements="151" coveredstatements="148" elements="176" coveredelements="171"/>
      </file>
    </package>
    <metrics files="72" loc="8795" ncloc="6877" classes="64" methods="449" coveredmethods="324" conditionals="0" coveredconditionals="0" statements="2748" coveredstatements="2303" elements="3197" coveredelements="2627"/>
  </project>
</coverage>
