<?xml version="1.0" encoding="UTF-8"?>
<!DOCTYPE coverage SYSTEM "http://cobertura.sourceforge.net/xml/coverage-04.dtd">
<coverage line-rate="0.87949067758072" branch-rate="0" lines-covered="1934" lines-valid="2199" branches-covered="0" branches-valid="0" complexity="746" version="0.4" timestamp="1759302494">
  <sources>
    <source>/home/florian/projects/cognitive-code-analysis/src</source>
  </sources>
  <packages>
    <package name="Application.php" line-rate="0.96666666666667" branch-rate="0" complexity="15">
      <classes>
        <class name="Phauthentic\CognitiveCodeAnalysis\Application" filename="Application.php" line-rate="0.96666666666667" branch-rate="0" complexity="15">
          <methods>
            <method name="__construct" signature="" line-rate="1" branch-rate="0" complexity="1">
              <lines>
                <line number="59" hits="26"/>
                <line number="60" hits="26"/>
              </lines>
            </method>
            <method name="registerServices" signature="" line-rate="1" branch-rate="0" complexity="3">
              <lines>
                <line number="65" hits="26"/>
                <line number="67" hits="26"/>
                <line number="68" hits="26"/>
                <line number="70" hits="26"/>
                <line number="71" hits="26"/>
                <line number="73" hits="26"/>
                <line number="74" hits="26"/>
                <line number="76" hits="26"/>
                <line number="77" hits="26"/>
                <line number="79" hits="26"/>
                <line number="80" hits="26"/>
                <line number="82" hits="26"/>
                <line number="83" hits="26"/>
                <line number="85" hits="26"/>
                <line number="86" hits="26"/>
                <line number="87" hits="26"/>
                <line number="88" hits="26"/>
                <line number="89" hits="26"/>
                <line number="91" hits="26"/>
                <line number="92" hits="26"/>
                <line number="93" hits="26"/>
                <line number="94" hits="26"/>
                <line number="95" hits="26"/>
                <line number="97" hits="26"/>
                <line number="98" hits="26"/>
                <line number="100" hits="26"/>
                <line number="101" hits="26"/>
                <line number="103" hits="26"/>
                <line number="104" hits="26"/>
                <line number="106" hits="26"/>
                <line number="107" hits="26"/>
                <line number="109" hits="26"/>
                <line number="110" hits="26"/>
                <line number="112" hits="26"/>
                <line number="113" hits="26"/>
                <line number="115" hits="26"/>
                <line number="116" hits="26"/>
                <line number="118" hits="26"/>
                <line number="119" hits="26"/>
                <line number="121" hits="26"/>
                <line number="122" hits="26"/>
                <line number="123" hits="26"/>
                <line number="125" hits="26"/>
                <line number="126" hits="26"/>
                <line number="128" hits="26"/>
                <line number="129" hits="26"/>
                <line number="130" hits="26"/>
                <line number="131" hits="26"/>
                <line number="132" hits="26"/>
                <line number="133" hits="26"/>
                <line number="135" hits="26"/>
                <line number="136" hits="26"/>
                <line number="137" hits="26"/>
                <line number="138" hits="26"/>
                <line number="139" hits="26"/>
                <line number="140" hits="26"/>
                <line number="142" hits="26"/>
                <line number="143" hits="26"/>
                <line number="144" hits="26"/>
                <line number="145" hits="26"/>
                <line number="146" hits="26"/>
                <line number="147" hits="26"/>
              </lines>
            </method>
            <method name="bootstrap" signature="" line-rate="1" branch-rate="0" complexity="1">
              <lines>
                <line number="152" hits="26"/>
                <line number="153" hits="26"/>
                <line number="154" hits="26"/>
                <line number="155" hits="26"/>
                <line number="156" hits="26"/>
                <line number="157" hits="26"/>
                <line number="158" hits="26"/>
              </lines>
            </method>
            <method name="bootstrapMetricsCollectors" signature="" line-rate="1" branch-rate="0" complexity="1">
              <lines>
                <line number="163" hits="26"/>
                <line number="164" hits="26"/>
                <line number="165" hits="26"/>
                <line number="166" hits="26"/>
                <line number="167" hits="26"/>
                <line number="168" hits="26"/>
                <line number="169" hits="26"/>
                <line number="170" hits="26"/>
              </lines>
            </method>
            <method name="configureEventBus" signature="" line-rate="1" branch-rate="0" complexity="1">
              <lines>
                <line number="175" hits="26"/>
                <line number="176" hits="26"/>
                <line number="177" hits="26"/>
                <line number="179" hits="26"/>
                <line number="180" hits="26"/>
                <line number="181" hits="26"/>
                <line number="182" hits="26"/>
                <line number="184" hits="26"/>
                <line number="186" hits="26"/>
                <line number="187" hits="26"/>
                <line number="188" hits="26"/>
                <line number="190" hits="26"/>
              </lines>
            </method>
            <method name="configureConfigService" signature="" line-rate="1" branch-rate="0" complexity="1">
              <lines>
                <line number="195" hits="26"/>
                <line number="196" hits="26"/>
                <line number="197" hits="26"/>
                <line number="198" hits="26"/>
                <line number="199" hits="26"/>
                <line number="200" hits="26"/>
              </lines>
            </method>
            <method name="registerMetricsFacade" signature="" line-rate="1" branch-rate="0" complexity="1">
              <lines>
                <line number="205" hits="26"/>
                <line number="206" hits="26"/>
                <line number="207" hits="26"/>
                <line number="208" hits="26"/>
                <line number="209" hits="26"/>
                <line number="210" hits="26"/>
                <line number="211" hits="26"/>
                <line number="212" hits="26"/>
                <line number="213" hits="26"/>
              </lines>
            </method>
            <method name="registerCommands" signature="" line-rate="1" branch-rate="0" complexity="1">
              <lines>
                <line number="218" hits="26"/>
                <line number="219" hits="26"/>
                <line number="220" hits="26"/>
                <line number="221" hits="26"/>
                <line number="222" hits="26"/>
                <line number="223" hits="26"/>
                <line number="224" hits="26"/>
                <line number="225" hits="26"/>
                <line number="226" hits="26"/>
                <line number="228" hits="26"/>
                <line number="229" hits="26"/>
                <line number="230" hits="26"/>
                <line number="231" hits="26"/>
                <line number="232" hits="26"/>
                <line number="233" hits="26"/>
                <line number="234" hits="26"/>
              </lines>
            </method>
            <method name="configureApplication" signature="" line-rate="1" branch-rate="0" complexity="1">
              <lines>
                <line number="239" hits="26"/>
                <line number="240" hits="26"/>
                <line number="241" hits="26"/>
                <line number="242" hits="26"/>
                <line number="243" hits="26"/>
                <line number="244" hits="26"/>
                <line number="245" hits="26"/>
                <line number="246" hits="26"/>
              </lines>
            </method>
            <method name="run" signature="" line-rate="0" branch-rate="0" complexity="1">
              <lines>
                <line number="251" hits="0"/>
                <line number="253" hits="0"/>
                <line number="254" hits="0"/>
                <line number="255" hits="0"/>
                <line number="256" hits="0"/>
              </lines>
            </method>
            <method name="get" signature="string $identifier" line-rate="1" branch-rate="0" complexity="1">
              <lines>
                <line number="261" hits="26"/>
              </lines>
            </method>
            <method name="getContainer" signature="" line-rate="1" branch-rate="0" complexity="1">
              <lines>
                <line number="266" hits="23"/>
              </lines>
            </method>
            <method name="setUpEventHandlersLocator" signature="Phauthentic\CognitiveCodeAnalysis\Command\EventHandler\ProgressBarHandler $progressbar, Phauthentic\CognitiveCodeAnalysis\Command\EventHandler\VerboseHandler $verbose" line-rate="1" branch-rate="0" complexity="1">
              <lines>
                <line number="276" hits="26"/>
                <line number="277" hits="26"/>
                <line number="278" hits="26"/>
                <line number="279" hits="26"/>
                <line number="280" hits="26"/>
                <line number="281" hits="26"/>
                <line number="282" hits="26"/>
                <line number="283" hits="26"/>
                <line number="284" hits="26"/>
                <line number="285" hits="26"/>
                <line number="286" hits="26"/>
                <line number="287" hits="26"/>
                <line number="288" hits="26"/>
              </lines>
            </method>
          </methods>
          <lines>
            <line number="59" hits="26"/>
            <line number="60" hits="26"/>
            <line number="65" hits="26"/>
            <line number="67" hits="26"/>
            <line number="68" hits="26"/>
            <line number="70" hits="26"/>
            <line number="71" hits="26"/>
            <line number="73" hits="26"/>
            <line number="74" hits="26"/>
            <line number="76" hits="26"/>
            <line number="77" hits="26"/>
            <line number="79" hits="26"/>
            <line number="80" hits="26"/>
            <line number="82" hits="26"/>
            <line number="83" hits="26"/>
            <line number="85" hits="26"/>
            <line number="86" hits="26"/>
            <line number="87" hits="26"/>
            <line number="88" hits="26"/>
            <line number="89" hits="26"/>
            <line number="91" hits="26"/>
            <line number="92" hits="26"/>
            <line number="93" hits="26"/>
            <line number="94" hits="26"/>
            <line number="95" hits="26"/>
            <line number="97" hits="26"/>
            <line number="98" hits="26"/>
            <line number="100" hits="26"/>
            <line number="101" hits="26"/>
            <line number="103" hits="26"/>
            <line number="104" hits="26"/>
            <line number="106" hits="26"/>
            <line number="107" hits="26"/>
            <line number="109" hits="26"/>
            <line number="110" hits="26"/>
            <line number="112" hits="26"/>
            <line number="113" hits="26"/>
            <line number="115" hits="26"/>
            <line number="116" hits="26"/>
            <line number="118" hits="26"/>
            <line number="119" hits="26"/>
            <line number="121" hits="26"/>
            <line number="122" hits="26"/>
            <line number="123" hits="26"/>
            <line number="125" hits="26"/>
            <line number="126" hits="26"/>
            <line number="128" hits="26"/>
            <line number="129" hits="26"/>
            <line number="130" hits="26"/>
            <line number="131" hits="26"/>
            <line number="132" hits="26"/>
            <line number="133" hits="26"/>
            <line number="135" hits="26"/>
            <line number="136" hits="26"/>
            <line number="137" hits="26"/>
            <line number="138" hits="26"/>
            <line number="139" hits="26"/>
            <line number="140" hits="26"/>
            <line number="142" hits="26"/>
            <line number="143" hits="26"/>
            <line number="144" hits="26"/>
            <line number="145" hits="26"/>
            <line number="146" hits="26"/>
            <line number="147" hits="26"/>
            <line number="152" hits="26"/>
            <line number="153" hits="26"/>
            <line number="154" hits="26"/>
            <line number="155" hits="26"/>
            <line number="156" hits="26"/>
            <line number="157" hits="26"/>
            <line number="158" hits="26"/>
            <line number="163" hits="26"/>
            <line number="164" hits="26"/>
            <line number="165" hits="26"/>
            <line number="166" hits="26"/>
            <line number="167" hits="26"/>
            <line number="168" hits="26"/>
            <line number="169" hits="26"/>
            <line number="170" hits="26"/>
            <line number="175" hits="26"/>
            <line number="176" hits="26"/>
            <line number="177" hits="26"/>
            <line number="179" hits="26"/>
            <line number="180" hits="26"/>
            <line number="181" hits="26"/>
            <line number="182" hits="26"/>
            <line number="184" hits="26"/>
            <line number="186" hits="26"/>
            <line number="187" hits="26"/>
            <line number="188" hits="26"/>
            <line number="190" hits="26"/>
            <line number="195" hits="26"/>
            <line number="196" hits="26"/>
            <line number="197" hits="26"/>
            <line number="198" hits="26"/>
            <line number="199" hits="26"/>
            <line number="200" hits="26"/>
            <line number="205" hits="26"/>
            <line number="206" hits="26"/>
            <line number="207" hits="26"/>
            <line number="208" hits="26"/>
            <line number="209" hits="26"/>
            <line number="210" hits="26"/>
            <line number="211" hits="26"/>
            <line number="212" hits="26"/>
            <line number="213" hits="26"/>
            <line number="218" hits="26"/>
            <line number="219" hits="26"/>
            <line number="220" hits="26"/>
            <line number="221" hits="26"/>
            <line number="222" hits="26"/>
            <line number="223" hits="26"/>
            <line number="224" hits="26"/>
            <line number="225" hits="26"/>
            <line number="226" hits="26"/>
            <line number="228" hits="26"/>
            <line number="229" hits="26"/>
            <line number="230" hits="26"/>
            <line number="231" hits="26"/>
            <line number="232" hits="26"/>
            <line number="233" hits="26"/>
            <line number="234" hits="26"/>
            <line number="239" hits="26"/>
            <line number="240" hits="26"/>
            <line number="241" hits="26"/>
            <line number="242" hits="26"/>
            <line number="243" hits="26"/>
            <line number="244" hits="26"/>
            <line number="245" hits="26"/>
            <line number="246" hits="26"/>
            <line number="251" hits="0"/>
            <line number="253" hits="0"/>
            <line number="254" hits="0"/>
            <line number="255" hits="0"/>
            <line number="256" hits="0"/>
            <line number="261" hits="26"/>
            <line number="266" hits="23"/>
            <line number="276" hits="26"/>
            <line number="277" hits="26"/>
            <line number="278" hits="26"/>
            <line number="279" hits="26"/>
            <line number="280" hits="26"/>
            <line number="281" hits="26"/>
            <line number="282" hits="26"/>
            <line number="283" hits="26"/>
            <line number="284" hits="26"/>
            <line number="285" hits="26"/>
            <line number="286" hits="26"/>
            <line number="287" hits="26"/>
            <line number="288" hits="26"/>
          </lines>
        </class>
      </classes>
    </package>
    <package name="Business/Churn/ChangeCounter/ChangeCounterFactory.php" line-rate="1" branch-rate="0" complexity="3">
      <classes>
        <class name="Phauthentic\CognitiveCodeAnalysis\Business\Churn\ChangeCounter\ChangeCounterFactory" filename="Business/Churn/ChangeCounter/ChangeCounterFactory.php" line-rate="1" branch-rate="0" complexity="3">
          <methods>
            <method name="create" signature="string $type" line-rate="1" branch-rate="0" complexity="3">
              <lines>
                <line number="21" hits="5"/>
                <line number="22" hits="5"/>
              </lines>
            </method>
          </methods>
          <lines>
            <line number="21" hits="5"/>
            <line number="22" hits="5"/>
          </lines>
        </class>
      </classes>
    </package>
    <package name="Business/Churn/ChangeCounter/ChangeCounterInterface.php" line-rate="0" branch-rate="0" complexity="0">
      <classes/>
    </package>
    <package name="Business/Churn/ChangeCounter/GitChangeCounter.php" line-rate="0.8" branch-rate="0" complexity="4">
      <classes>
        <class name="Phauthentic\CognitiveCodeAnalysis\Business\Churn\ChangeCounter\GitChangeCounter" filename="Business/Churn/ChangeCounter/GitChangeCounter.php" line-rate="0.8" branch-rate="0" complexity="4">
          <methods>
            <method name="getNumberOfChangesForFile" signature="string $filename, string $since" line-rate="1" branch-rate="0" complexity="1">
              <lines>
                <line number="19" hits="5"/>
                <line number="20" hits="5"/>
                <line number="21" hits="5"/>
                <line number="22" hits="5"/>
                <line number="23" hits="5"/>
                <line number="24" hits="5"/>
                <line number="26" hits="5"/>
                <line number="27" hits="5"/>
                <line number="28" hits="5"/>
                <line number="30" hits="5"/>
                <line number="32" hits="5"/>
              </lines>
            </method>
            <method name="assertValidExitCode" signature="int $resultCode, array $output, string $filename" line-rate="0.25" branch-rate="0" complexity="3">
              <lines>
                <line number="44" hits="5"/>
                <line number="45" hits="0"/>
                <line number="46" hits="0"/>
                <line number="47" hits="0"/>
              </lines>
            </method>
          </methods>
          <lines>
            <line number="19" hits="5"/>
            <line number="20" hits="5"/>
            <line number="21" hits="5"/>
            <line number="22" hits="5"/>
            <line number="23" hits="5"/>
            <line number="24" hits="5"/>
            <line number="26" hits="5"/>
            <line number="27" hits="5"/>
            <line number="28" hits="5"/>
            <line number="30" hits="5"/>
            <line number="32" hits="5"/>
            <line number="44" hits="5"/>
            <line number="45" hits="0"/>
            <line number="46" hits="0"/>
            <line number="47" hits="0"/>
          </lines>
        </class>
      </classes>
    </package>
    <package name="Business/Churn/ChurnCalculator.php" line-rate="0.95652173913043" branch-rate="0" complexity="8">
      <classes>
        <class name="Phauthentic\CognitiveCodeAnalysis\Business\Churn\ChurnCalculator" filename="Business/Churn/ChurnCalculator.php" line-rate="0.95652173913043" branch-rate="0" complexity="8">
          <methods>
            <method name="calculate" signature="Phauthentic\CognitiveCodeAnalysis\Business\Cognitive\CognitiveMetricsCollection $metricsCollection" line-rate="1" branch-rate="0" complexity="1">
              <lines>
                <line number="22" hits="6"/>
                <line number="23" hits="6"/>
                <line number="24" hits="6"/>
                <line number="26" hits="6"/>
              </lines>
            </method>
            <method name="sortClassesByChurnDescending" signature="array $classes" line-rate="1" branch-rate="0" complexity="1">
              <lines>
                <line number="35" hits="6"/>
                <line number="36" hits="6"/>
                <line number="37" hits="6"/>
                <line number="39" hits="6"/>
              </lines>
            </method>
            <method name="calculateChurn" signature="array $classes" line-rate="1" branch-rate="0" complexity="2">
              <lines>
                <line number="48" hits="6"/>
                <line number="49" hits="6"/>
                <line number="52" hits="6"/>
              </lines>
            </method>
            <method name="groupByClasses" signature="Phauthentic\CognitiveCodeAnalysis\Business\Cognitive\CognitiveMetricsCollection $metricsCollection, array $classes" line-rate="0.91666666666667" branch-rate="0" complexity="4">
              <lines>
                <line number="62" hits="6"/>
                <line number="63" hits="6"/>
                <line number="64" hits="0"/>
                <line number="67" hits="6"/>
                <line number="68" hits="6"/>
                <line number="69" hits="6"/>
                <line number="70" hits="6"/>
                <line number="71" hits="6"/>
                <line number="72" hits="6"/>
                <line number="75" hits="6"/>
                <line number="76" hits="6"/>
                <line number="78" hits="6"/>
              </lines>
            </method>
          </methods>
          <lines>
            <line number="22" hits="6"/>
            <line number="23" hits="6"/>
            <line number="24" hits="6"/>
            <line number="26" hits="6"/>
            <line number="35" hits="6"/>
            <line number="36" hits="6"/>
            <line number="37" hits="6"/>
            <line number="39" hits="6"/>
            <line number="48" hits="6"/>
            <line number="49" hits="6"/>
            <line number="52" hits="6"/>
            <line number="62" hits="6"/>
            <line number="63" hits="6"/>
            <line number="64" hits="0"/>
            <line number="67" hits="6"/>
            <line number="68" hits="6"/>
            <line number="69" hits="6"/>
            <line number="70" hits="6"/>
            <line number="71" hits="6"/>
            <line number="72" hits="6"/>
            <line number="75" hits="6"/>
            <line number="76" hits="6"/>
            <line number="78" hits="6"/>
          </lines>
        </class>
      </classes>
    </package>
    <package name="Business/Churn/Exporter/CsvExporter.php" line-rate="0.94117647058824" branch-rate="0" complexity="7">
      <classes>
        <class name="Phauthentic\CognitiveCodeAnalysis\Business\Churn\Exporter\CsvExporter" filename="Business/Churn/Exporter/CsvExporter.php" line-rate="0.94117647058824" branch-rate="0" complexity="7">
          <methods>
            <method name="assertFileIsWritable" signature="string $filename" line-rate="0.8" branch-rate="0" complexity="5">
              <lines>
                <line number="30" hits="3"/>
                <line number="31" hits="0"/>
                <line number="34" hits="3"/>
                <line number="35" hits="3"/>
                <line number="36" hits="1"/>
              </lines>
            </method>
            <method name="export" signature="array $classes, string $filename" line-rate="1" branch-rate="0" complexity="2">
              <lines>
                <line number="47" hits="3"/>
                <line number="49" hits="2"/>
                <line number="52" hits="2"/>
                <line number="54" hits="2"/>
                <line number="56" hits="2"/>
                <line number="57" hits="2"/>
                <line number="58" hits="2"/>
                <line number="59" hits="2"/>
                <line number="60" hits="2"/>
                <line number="61" hits="2"/>
                <line number="62" hits="2"/>
                <line number="66" hits="2"/>
              </lines>
            </method>
          </methods>
          <lines>
            <line number="30" hits="3"/>
            <line number="31" hits="0"/>
            <line number="34" hits="3"/>
            <line number="35" hits="3"/>
            <line number="36" hits="1"/>
            <line number="47" hits="3"/>
            <line number="49" hits="2"/>
            <line number="52" hits="2"/>
            <line number="54" hits="2"/>
            <line number="56" hits="2"/>
            <line number="57" hits="2"/>
            <line number="58" hits="2"/>
            <line number="59" hits="2"/>
            <line number="60" hits="2"/>
            <line number="61" hits="2"/>
            <line number="62" hits="2"/>
            <line number="66" hits="2"/>
          </lines>
        </class>
      </classes>
    </package>
    <package name="Business/Churn/Exporter/DataExporterInterface.php" line-rate="0" branch-rate="0" complexity="0">
      <classes/>
    </package>
    <package name="Business/Churn/Exporter/HtmlExporter.php" line-rate="0" branch-rate="0" complexity="8">
      <classes>
        <class name="Phauthentic\CognitiveCodeAnalysis\Business\Churn\Exporter\HtmlExporter" filename="Business/Churn/Exporter/HtmlExporter.php" line-rate="0" branch-rate="0" complexity="8">
          <methods>
            <method name="export" signature="array $classes, string $filename" line-rate="0" branch-rate="0" complexity="2">
              <lines>
                <line number="30" hits="0"/>
                <line number="32" hits="0"/>
                <line number="33" hits="0"/>
              </lines>
            </method>
            <method name="escape" signature="string $string" line-rate="0" branch-rate="0" complexity="1">
              <lines>
                <line number="39" hits="0"/>
              </lines>
            </method>
            <method name="formatNumber" signature="float $number" line-rate="0" branch-rate="0" complexity="1">
              <lines>
                <line number="44" hits="0"/>
              </lines>
            </method>
            <method name="generateHtml" signature="array $classes" line-rate="0" branch-rate="0" complexity="4">
              <lines>
                <line number="54" hits="0"/>
                <line number="56" hits="0"/>
                <line number="57" hits="0"/>
                <line number="58" hits="0"/>
                <line number="59" hits="0"/>
                <line number="60" hits="0"/>
                <line number="61" hits="0"/>
                <line number="62" hits="0"/>
                <line number="63" hits="0"/>
                <line number="64" hits="0"/>
                <line number="65" hits="0"/>
                <line number="66" hits="0"/>
                <line number="68" hits="0"/>
                <line number="74" hits="0"/>
                <line number="75" hits="0"/>
                <line number="77" hits="0"/>
                <line number="78" hits="0"/>
                <line number="79" hits="0"/>
                <line number="80" hits="0"/>
                <line number="81" hits="0"/>
                <line number="82" hits="0"/>
                <line number="83" hits="0"/>
                <line number="84" hits="0"/>
                <line number="85" hits="0"/>
                <line number="88" hits="0"/>
                <line number="89" hits="0"/>
                <line number="90" hits="0"/>
                <line number="91" hits="0"/>
                <line number="92" hits="0"/>
                <line number="93" hits="0"/>
                <line number="94" hits="0"/>
                <line number="96" hits="0"/>
                <line number="97" hits="0"/>
                <line number="100" hits="0"/>
              </lines>
            </method>
          </methods>
          <lines>
            <line number="30" hits="0"/>
            <line number="32" hits="0"/>
            <line number="33" hits="0"/>
            <line number="39" hits="0"/>
            <line number="44" hits="0"/>
            <line number="54" hits="0"/>
            <line number="56" hits="0"/>
            <line number="57" hits="0"/>
            <line number="58" hits="0"/>
            <line number="59" hits="0"/>
            <line number="60" hits="0"/>
            <line number="61" hits="0"/>
            <line number="62" hits="0"/>
            <line number="63" hits="0"/>
            <line number="64" hits="0"/>
            <line number="65" hits="0"/>
            <line number="66" hits="0"/>
            <line number="68" hits="0"/>
            <line number="74" hits="0"/>
            <line number="75" hits="0"/>
            <line number="77" hits="0"/>
            <line number="78" hits="0"/>
            <line number="79" hits="0"/>
            <line number="80" hits="0"/>
            <line number="81" hits="0"/>
            <line number="82" hits="0"/>
            <line number="83" hits="0"/>
            <line number="84" hits="0"/>
            <line number="85" hits="0"/>
            <line number="88" hits="0"/>
            <line number="89" hits="0"/>
            <line number="90" hits="0"/>
            <line number="91" hits="0"/>
            <line number="92" hits="0"/>
            <line number="93" hits="0"/>
            <line number="94" hits="0"/>
            <line number="96" hits="0"/>
            <line number="97" hits="0"/>
            <line number="100" hits="0"/>
          </lines>
        </class>
      </classes>
    </package>
    <package name="Business/Churn/Exporter/JsonExporter.php" line-rate="0.85714285714286" branch-rate="0" complexity="2">
      <classes>
        <class name="Phauthentic\CognitiveCodeAnalysis\Business\Churn\Exporter\JsonExporter" filename="Business/Churn/Exporter/JsonExporter.php" line-rate="0.85714285714286" branch-rate="0" complexity="2">
          <methods>
            <method name="export" signature="array $classes, string $filename" line-rate="0.85714285714286" branch-rate="0" complexity="2">
              <lines>
                <line number="22" hits="2"/>
                <line number="23" hits="2"/>
                <line number="24" hits="2"/>
                <line number="25" hits="2"/>
                <line number="27" hits="2"/>
                <line number="29" hits="2"/>
                <line number="30" hits="0"/>
              </lines>
            </method>
          </methods>
          <lines>
            <line number="22" hits="2"/>
            <line number="23" hits="2"/>
            <line number="24" hits="2"/>
            <line number="25" hits="2"/>
            <line number="27" hits="2"/>
            <line number="29" hits="2"/>
            <line number="30" hits="0"/>
          </lines>
        </class>
      </classes>
    </package>
    <package name="Business/Churn/Exporter/SvgTreemapExporter.php" line-rate="0.98181818181818" branch-rate="0" complexity="8">
      <classes>
        <class name="Phauthentic\CognitiveCodeAnalysis\Business\Churn\Exporter\SvgTreemapExporter" filename="Business/Churn/Exporter/SvgTreemapExporter.php" line-rate="0.98181818181818" branch-rate="0" complexity="8">
          <methods>
            <method name="__construct" signature="" line-rate="1" branch-rate="0" complexity="1">
              <lines>
                <line number="28" hits="1"/>
              </lines>
            </method>
            <method name="export" signature="array $classes, string $filename" line-rate="0.66666666666667" branch-rate="0" complexity="2">
              <lines>
                <line number="38" hits="1"/>
                <line number="40" hits="1"/>
                <line number="41" hits="0"/>
              </lines>
            </method>
            <method name="generateSvgTreemap" signature="array $classes" line-rate="1" branch-rate="0" complexity="1">
              <lines>
                <line number="53" hits="1"/>
                <line number="55" hits="1"/>
                <line number="57" hits="1"/>
                <line number="58" hits="1"/>
                <line number="59" hits="1"/>
                <line number="60" hits="1"/>
                <line number="61" hits="1"/>
                <line number="62" hits="1"/>
                <line number="63" hits="1"/>
                <line number="64" hits="1"/>
                <line number="65" hits="1"/>
                <line number="67" hits="1"/>
                <line number="69" hits="1"/>
              </lines>
            </method>
            <method name="renderSvgRects" signature="array $rects, float $minScore, float $maxScore" line-rate="1" branch-rate="0" complexity="2">
              <lines>
                <line number="82" hits="1"/>
                <line number="83" hits="1"/>
                <line number="84" hits="1"/>
                <line number="85" hits="1"/>
                <line number="88" hits="1"/>
              </lines>
            </method>
            <method name="renderSvgRect" signature="array $rect, float $normalizedScore" line-rate="1" branch-rate="0" complexity="1">
              <lines>
                <line number="100" hits="1"/>
                <line number="101" hits="1"/>
                <line number="102" hits="1"/>
                <line number="103" hits="1"/>
                <line number="104" hits="1"/>
                <line number="105" hits="1"/>
                <line number="106" hits="1"/>
                <line number="107" hits="1"/>
                <line number="108" hits="1"/>
                <line number="109" hits="1"/>
                <line number="110" hits="1"/>
                <line number="112" hits="1"/>
                <line number="113" hits="1"/>
                <line number="114" hits="1"/>
                <line number="115" hits="1"/>
                <line number="116" hits="1"/>
                <line number="117" hits="1"/>
                <line number="118" hits="1"/>
                <line number="119" hits="1"/>
                <line number="120" hits="1"/>
                <line number="121" hits="1"/>
                <line number="122" hits="1"/>
                <line number="123" hits="1"/>
                <line number="124" hits="1"/>
                <line number="125" hits="1"/>
              </lines>
            </method>
            <method name="wrapSvg" signature="string $rectsSvg" line-rate="1" branch-rate="0" complexity="1">
              <lines>
                <line number="136" hits="1"/>
                <line number="137" hits="1"/>
                <line number="138" hits="1"/>
                <line number="139" hits="1"/>
                <line number="140" hits="1"/>
                <line number="145" hits="1"/>
                <line number="150" hits="1"/>
                <line number="153" hits="1"/>
              </lines>
            </method>
          </methods>
          <lines>
            <line number="28" hits="1"/>
            <line number="38" hits="1"/>
            <line number="40" hits="1"/>
            <line number="41" hits="0"/>
            <line number="53" hits="1"/>
            <line number="55" hits="1"/>
            <line number="57" hits="1"/>
            <line number="58" hits="1"/>
            <line number="59" hits="1"/>
            <line number="60" hits="1"/>
            <line number="61" hits="1"/>
            <line number="62" hits="1"/>
            <line number="63" hits="1"/>
            <line number="64" hits="1"/>
            <line number="65" hits="1"/>
            <line number="67" hits="1"/>
            <line number="69" hits="1"/>
            <line number="82" hits="1"/>
            <line number="83" hits="1"/>
            <line number="84" hits="1"/>
            <line number="85" hits="1"/>
            <line number="88" hits="1"/>
            <line number="100" hits="1"/>
            <line number="101" hits="1"/>
            <line number="102" hits="1"/>
            <line number="103" hits="1"/>
            <line number="104" hits="1"/>
            <line number="105" hits="1"/>
            <line number="106" hits="1"/>
            <line number="107" hits="1"/>
            <line number="108" hits="1"/>
            <line number="109" hits="1"/>
            <line number="110" hits="1"/>
            <line number="112" hits="1"/>
            <line number="113" hits="1"/>
            <line number="114" hits="1"/>
            <line number="115" hits="1"/>
            <line number="116" hits="1"/>
            <line number="117" hits="1"/>
            <line number="118" hits="1"/>
            <line number="119" hits="1"/>
            <line number="120" hits="1"/>
            <line number="121" hits="1"/>
            <line number="122" hits="1"/>
            <line number="123" hits="1"/>
            <line number="124" hits="1"/>
            <line number="125" hits="1"/>
            <line number="136" hits="1"/>
            <line number="137" hits="1"/>
            <line number="138" hits="1"/>
            <line number="139" hits="1"/>
            <line number="140" hits="1"/>
            <line number="145" hits="1"/>
            <line number="150" hits="1"/>
            <line number="153" hits="1"/>
          </lines>
        </class>
      </classes>
    </package>
    <package name="Business/Churn/Exporter/TreemapMath.php" line-rate="0.95652173913043" branch-rate="0" complexity="19">
      <classes>
        <class name="Phauthentic\CognitiveCodeAnalysis\Business\Churn\Exporter\TreemapMath" filename="Business/Churn/Exporter/TreemapMath.php" line-rate="0.95652173913043" branch-rate="0" complexity="19">
          <methods>
            <method name="prepareItems" signature="array $classes" line-rate="1" branch-rate="0" complexity="3">
              <lines>
                <line number="30" hits="1"/>
                <line number="31" hits="1"/>
                <line number="32" hits="1"/>
                <line number="33" hits="1"/>
                <line number="34" hits="1"/>
                <line number="35" hits="1"/>
                <line number="36" hits="1"/>
                <line number="37" hits="1"/>
                <line number="38" hits="1"/>
                <line number="39" hits="1"/>
                <line number="42" hits="1"/>
                <line number="44" hits="1"/>
              </lines>
            </method>
            <method name="findScoreRange" signature="array $items" line-rate="0.75" branch-rate="0" complexity="3">
              <lines>
                <line number="55" hits="1"/>
                <line number="56" hits="1"/>
                <line number="57" hits="0"/>
                <line number="60" hits="1"/>
                <line number="61" hits="1"/>
                <line number="63" hits="1"/>
                <line number="64" hits="0"/>
                <line number="67" hits="1"/>
              </lines>
            </method>
            <method name="normalizeScore" signature="float $score, float $minScore, float $maxScore" line-rate="0.66666666666667" branch-rate="0" complexity="2">
              <lines>
                <line number="80" hits="1"/>
                <line number="81" hits="1"/>
                <line number="84" hits="0"/>
              </lines>
            </method>
            <method name="scoreToColor" signature="float $score" line-rate="1" branch-rate="0" complexity="1">
              <lines>
                <line number="95" hits="1"/>
                <line number="96" hits="1"/>
                <line number="97" hits="1"/>
                <line number="98" hits="1"/>
                <line number="100" hits="1"/>
              </lines>
            </method>
            <method name="calculateTreemapLayout" signature="array $items, float $x, float $y, float $width, float $height, bool $vertical, int $padding" line-rate="1" branch-rate="0" complexity="1">
              <lines>
                <line number="124" hits="1"/>
                <line number="125" hits="1"/>
                <line number="126" hits="1"/>
                <line number="127" hits="1"/>
                <line number="128" hits="1"/>
                <line number="129" hits="1"/>
                <line number="130" hits="1"/>
                <line number="131" hits="1"/>
                <line number="132" hits="1"/>
                <line number="133" hits="1"/>
                <line number="134" hits="1"/>
                <line number="136" hits="1"/>
              </lines>
            </method>
            <method name="layoutTreemap" signature="array $items, float $x, float $y, float $width, float $height, bool $vertical, array $rects, int $padding" line-rate="0.98529411764706" branch-rate="0" complexity="4">
              <lines>
                <line number="162" hits="1"/>
                <line number="163" hits="0"/>
                <line number="166" hits="1"/>
                <line number="167" hits="1"/>
                <line number="168" hits="1"/>
                <line number="169" hits="1"/>
                <line number="170" hits="1"/>
                <line number="171" hits="1"/>
                <line number="172" hits="1"/>
                <line number="173" hits="1"/>
                <line number="174" hits="1"/>
                <line number="175" hits="1"/>
                <line number="176" hits="1"/>
                <line number="178" hits="1"/>
                <line number="181" hits="1"/>
                <line number="182" hits="1"/>
                <line number="183" hits="1"/>
                <line number="184" hits="1"/>
                <line number="185" hits="1"/>
                <line number="187" hits="1"/>
                <line number="188" hits="1"/>
                <line number="190" hits="1"/>
                <line number="192" hits="1"/>
                <line number="193" hits="1"/>
                <line number="194" hits="1"/>
                <line number="195" hits="1"/>
                <line number="196" hits="1"/>
                <line number="197" hits="1"/>
                <line number="198" hits="1"/>
                <line number="199" hits="1"/>
                <line number="200" hits="1"/>
                <line number="201" hits="1"/>
                <line number="202" hits="1"/>
                <line number="203" hits="1"/>
                <line number="204" hits="1"/>
                <line number="205" hits="1"/>
                <line number="206" hits="1"/>
                <line number="207" hits="1"/>
                <line number="208" hits="1"/>
                <line number="209" hits="1"/>
                <line number="210" hits="1"/>
                <line number="211" hits="1"/>
                <line number="212" hits="1"/>
                <line number="213" hits="1"/>
                <line number="214" hits="1"/>
                <line number="215" hits="1"/>
                <line number="218" hits="1"/>
                <line number="219" hits="1"/>
                <line number="220" hits="1"/>
                <line number="221" hits="1"/>
                <line number="222" hits="1"/>
                <line number="223" hits="1"/>
                <line number="224" hits="1"/>
                <line number="225" hits="1"/>
                <line number="226" hits="1"/>
                <line number="227" hits="1"/>
                <line number="228" hits="1"/>
                <line number="229" hits="1"/>
                <line number="230" hits="1"/>
                <line number="231" hits="1"/>
                <line number="232" hits="1"/>
                <line number="233" hits="1"/>
                <line number="234" hits="1"/>
                <line number="235" hits="1"/>
                <line number="236" hits="1"/>
                <line number="237" hits="1"/>
                <line number="238" hits="1"/>
                <line number="239" hits="1"/>
              </lines>
            </method>
            <method name="findSplitIndex" signature="array $items, float $sum" line-rate="0.85714285714286" branch-rate="0" complexity="5">
              <lines>
                <line number="251" hits="1"/>
                <line number="252" hits="1"/>
                <line number="253" hits="1"/>
                <line number="254" hits="1"/>
                <line number="255" hits="1"/>
                <line number="256" hits="1"/>
                <line number="260" hits="0"/>
              </lines>
            </method>
          </methods>
          <lines>
            <line number="30" hits="1"/>
            <line number="31" hits="1"/>
            <line number="32" hits="1"/>
            <line number="33" hits="1"/>
            <line number="34" hits="1"/>
            <line number="35" hits="1"/>
            <line number="36" hits="1"/>
            <line number="37" hits="1"/>
            <line number="38" hits="1"/>
            <line number="39" hits="1"/>
            <line number="42" hits="1"/>
            <line number="44" hits="1"/>
            <line number="55" hits="1"/>
            <line number="56" hits="1"/>
            <line number="57" hits="0"/>
            <line number="60" hits="1"/>
            <line number="61" hits="1"/>
            <line number="63" hits="1"/>
            <line number="64" hits="0"/>
            <line number="67" hits="1"/>
            <line number="80" hits="1"/>
            <line number="81" hits="1"/>
            <line number="84" hits="0"/>
            <line number="95" hits="1"/>
            <line number="96" hits="1"/>
            <line number="97" hits="1"/>
            <line number="98" hits="1"/>
            <line number="100" hits="1"/>
            <line number="124" hits="1"/>
            <line number="125" hits="1"/>
            <line number="126" hits="1"/>
            <line number="127" hits="1"/>
            <line number="128" hits="1"/>
            <line number="129" hits="1"/>
            <line number="130" hits="1"/>
            <line number="131" hits="1"/>
            <line number="132" hits="1"/>
            <line number="133" hits="1"/>
            <line number="134" hits="1"/>
            <line number="136" hits="1"/>
            <line number="162" hits="1"/>
            <line number="163" hits="0"/>
            <line number="166" hits="1"/>
            <line number="167" hits="1"/>
            <line number="168" hits="1"/>
            <line number="169" hits="1"/>
            <line number="170" hits="1"/>
            <line number="171" hits="1"/>
            <line number="172" hits="1"/>
            <line number="173" hits="1"/>
            <line number="174" hits="1"/>
            <line number="175" hits="1"/>
            <line number="176" hits="1"/>
            <line number="178" hits="1"/>
            <line number="181" hits="1"/>
            <line number="182" hits="1"/>
            <line number="183" hits="1"/>
            <line number="184" hits="1"/>
            <line number="185" hits="1"/>
            <line number="187" hits="1"/>
            <line number="188" hits="1"/>
            <line number="190" hits="1"/>
            <line number="192" hits="1"/>
            <line number="193" hits="1"/>
            <line number="194" hits="1"/>
            <line number="195" hits="1"/>
            <line number="196" hits="1"/>
            <line number="197" hits="1"/>
            <line number="198" hits="1"/>
            <line number="199" hits="1"/>
            <line number="200" hits="1"/>
            <line number="201" hits="1"/>
            <line number="202" hits="1"/>
            <line number="203" hits="1"/>
            <line number="204" hits="1"/>
            <line number="205" hits="1"/>
            <line number="206" hits="1"/>
            <line number="207" hits="1"/>
            <line number="208" hits="1"/>
            <line number="209" hits="1"/>
            <line number="210" hits="1"/>
            <line number="211" hits="1"/>
            <line number="212" hits="1"/>
            <line number="213" hits="1"/>
            <line number="214" hits="1"/>
            <line number="215" hits="1"/>
            <line number="218" hits="1"/>
            <line number="219" hits="1"/>
            <line number="220" hits="1"/>
            <line number="221" hits="1"/>
            <line number="222" hits="1"/>
            <line number="223" hits="1"/>
            <line number="224" hits="1"/>
            <line number="225" hits="1"/>
            <line number="226" hits="1"/>
            <line number="227" hits="1"/>
            <line number="228" hits="1"/>
            <line number="229" hits="1"/>
            <line number="230" hits="1"/>
            <line number="231" hits="1"/>
            <line number="232" hits="1"/>
            <line number="233" hits="1"/>
            <line number="234" hits="1"/>
            <line number="235" hits="1"/>
            <line number="236" hits="1"/>
            <line number="237" hits="1"/>
            <line number="238" hits="1"/>
            <line number="239" hits="1"/>
            <line number="251" hits="1"/>
            <line number="252" hits="1"/>
            <line number="253" hits="1"/>
            <line number="254" hits="1"/>
            <line number="255" hits="1"/>
            <line number="256" hits="1"/>
            <line number="260" hits="0"/>
          </lines>
        </class>
      </classes>
    </package>
    <package name="Business/Cognitive/Baseline.php" line-rate="0.38461538461538" branch-rate="0" complexity="7">
      <classes>
        <class name="Phauthentic\CognitiveCodeAnalysis\Business\Cognitive\Baseline" filename="Business/Cognitive/Baseline.php" line-rate="0.38461538461538" branch-rate="0" complexity="7">
          <methods>
            <method name="calculateDeltas" signature="Phauthentic\CognitiveCodeAnalysis\Business\Cognitive\CognitiveMetricsCollection $metricsCollection, array $baseline" line-rate="0" branch-rate="0" complexity="4">
              <lines>
                <line number="21" hits="0"/>
                <line number="22" hits="0"/>
                <line number="23" hits="0"/>
                <line number="24" hits="0"/>
                <line number="25" hits="0"/>
                <line number="28" hits="0"/>
                <line number="29" hits="0"/>
              </lines>
            </method>
            <method name="loadBaseline" signature="string $baselineFile" line-rate="0.83333333333333" branch-rate="0" complexity="3">
              <lines>
                <line number="43" hits="3"/>
                <line number="44" hits="1"/>
                <line number="47" hits="2"/>
                <line number="48" hits="2"/>
                <line number="49" hits="0"/>
                <line number="52" hits="2"/>
              </lines>
            </method>
          </methods>
          <lines>
            <line number="21" hits="0"/>
            <line number="22" hits="0"/>
            <line number="23" hits="0"/>
            <line number="24" hits="0"/>
            <line number="25" hits="0"/>
            <line number="28" hits="0"/>
            <line number="29" hits="0"/>
            <line number="43" hits="3"/>
            <line number="44" hits="1"/>
            <line number="47" hits="2"/>
            <line number="48" hits="2"/>
            <line number="49" hits="0"/>
            <line number="52" hits="2"/>
          </lines>
        </class>
      </classes>
    </package>
    <package name="Business/Cognitive/CognitiveMetrics.php" line-rate="0.85185185185185" branch-rate="0" complexity="57">
      <classes>
        <class name="Phauthentic\CognitiveCodeAnalysis\Business\Cognitive\CognitiveMetrics" filename="Business/Cognitive/CognitiveMetrics.php" line-rate="0.85185185185185" branch-rate="0" complexity="57">
          <methods>
            <method name="__construct" signature="array $metrics" line-rate="1" branch-rate="0" complexity="3">
              <lines>
                <line number="72" hits="49"/>
                <line number="73" hits="49"/>
                <line number="75" hits="49"/>
                <line number="76" hits="49"/>
                <line number="77" hits="49"/>
                <line number="79" hits="49"/>
                <line number="80" hits="49"/>
                <line number="82" hits="49"/>
                <line number="83" hits="26"/>
                <line number="86" hits="49"/>
                <line number="87" hits="26"/>
              </lines>
            </method>
            <method name="setRequiredMetricProperties" signature="array $metrics" line-rate="0.45454545454545" branch-rate="0" complexity="2">
              <lines>
                <line number="97" hits="49"/>
                <line number="98" hits="49"/>
                <line number="99" hits="0"/>
                <line number="100" hits="0"/>
                <line number="101" hits="0"/>
                <line number="103" hits="0"/>
                <line number="104" hits="0"/>
                <line number="105" hits="0"/>
                <line number="106" hits="0"/>
                <line number="107" hits="0"/>
                <line number="108" hits="0"/>
                <line number="109" hits="0"/>
                <line number="110" hits="0"/>
                <line number="112" hits="0"/>
                <line number="116" hits="49"/>
                <line number="117" hits="49"/>
                <line number="118" hits="49"/>
                <line number="119" hits="49"/>
                <line number="120" hits="49"/>
                <line number="121" hits="49"/>
                <line number="122" hits="49"/>
                <line number="123" hits="49"/>
              </lines>
            </method>
            <method name="setOptionalMetricProperties" signature="array $metrics" line-rate="1" branch-rate="0" complexity="1">
              <lines>
                <line number="133" hits="49"/>
                <line number="134" hits="49"/>
                <line number="135" hits="49"/>
                <line number="136" hits="49"/>
                <line number="137" hits="49"/>
                <line number="138" hits="49"/>
                <line number="139" hits="49"/>
                <line number="140" hits="49"/>
              </lines>
            </method>
            <method name="setTimesChanged" signature="int $timesChanged" line-rate="1" branch-rate="0" complexity="1">
              <lines>
                <line number="145" hits="5"/>
              </lines>
            </method>
            <method name="assertSame" signature="self $other" line-rate="0.22222222222222" branch-rate="0" complexity="2">
              <lines>
                <line number="150" hits="1"/>
                <line number="151" hits="1"/>
                <line number="154" hits="0"/>
                <line number="155" hits="0"/>
                <line number="156" hits="0"/>
                <line number="157" hits="0"/>
                <line number="158" hits="0"/>
                <line number="159" hits="0"/>
                <line number="160" hits="0"/>
              </lines>
            </method>
            <method name="calculateDeltas" signature="self $other" line-rate="1" branch-rate="0" complexity="1">
              <lines>
                <line number="168" hits="1"/>
                <line number="170" hits="1"/>
                <line number="171" hits="1"/>
                <line number="172" hits="1"/>
                <line number="173" hits="1"/>
                <line number="174" hits="1"/>
                <line number="175" hits="1"/>
                <line number="176" hits="1"/>
                <line number="177" hits="1"/>
              </lines>
            </method>
            <method name="fromArray" signature="array $metrics" line-rate="1" branch-rate="0" complexity="1">
              <lines>
                <line number="186" hits="5"/>
              </lines>
            </method>
            <method name="assertArrayKeyIsPresent" signature="array $array, string $key" line-rate="0.5" branch-rate="0" complexity="2">
              <lines>
                <line number="196" hits="49"/>
                <line number="197" hits="0"/>
              </lines>
            </method>
            <method name="getClass" signature="" line-rate="1" branch-rate="0" complexity="1">
              <lines>
                <line number="203" hits="46"/>
              </lines>
            </method>
            <method name="getMethod" signature="" line-rate="1" branch-rate="0" complexity="1">
              <lines>
                <line number="208" hits="46"/>
              </lines>
            </method>
            <method name="getLineCount" signature="" line-rate="1" branch-rate="0" complexity="1">
              <lines>
                <line number="213" hits="30"/>
              </lines>
            </method>
            <method name="getArgCount" signature="" line-rate="1" branch-rate="0" complexity="1">
              <lines>
                <line number="218" hits="31"/>
              </lines>
            </method>
            <method name="getReturnCount" signature="" line-rate="1" branch-rate="0" complexity="1">
              <lines>
                <line number="223" hits="31"/>
              </lines>
            </method>
            <method name="getVariableCount" signature="" line-rate="1" branch-rate="0" complexity="1">
              <lines>
                <line number="228" hits="30"/>
              </lines>
            </method>
            <method name="getPropertyCallCount" signature="" line-rate="1" branch-rate="0" complexity="1">
              <lines>
                <line number="233" hits="29"/>
              </lines>
            </method>
            <method name="getIfCount" signature="" line-rate="1" branch-rate="0" complexity="1">
              <lines>
                <line number="238" hits="28"/>
              </lines>
            </method>
            <method name="getIfNestingLevel" signature="" line-rate="1" branch-rate="0" complexity="1">
              <lines>
                <line number="243" hits="29"/>
              </lines>
            </method>
            <method name="getElseCount" signature="" line-rate="1" branch-rate="0" complexity="1">
              <lines>
                <line number="248" hits="29"/>
              </lines>
            </method>
            <method name="getLineCountWeight" signature="" line-rate="1" branch-rate="0" complexity="1">
              <lines>
                <line number="253" hits="29"/>
              </lines>
            </method>
            <method name="setLineCountWeight" signature="float $weight" line-rate="1" branch-rate="0" complexity="1">
              <lines>
                <line number="258" hits="24"/>
              </lines>
            </method>
            <method name="getArgCountWeight" signature="" line-rate="1" branch-rate="0" complexity="1">
              <lines>
                <line number="263" hits="29"/>
              </lines>
            </method>
            <method name="setArgCountWeight" signature="float $weight" line-rate="1" branch-rate="0" complexity="1">
              <lines>
                <line number="268" hits="24"/>
              </lines>
            </method>
            <method name="getReturnCountWeight" signature="" line-rate="1" branch-rate="0" complexity="1">
              <lines>
                <line number="273" hits="29"/>
              </lines>
            </method>
            <method name="setReturnCountWeight" signature="float $weight" line-rate="1" branch-rate="0" complexity="1">
              <lines>
                <line number="278" hits="24"/>
              </lines>
            </method>
            <method name="getVariableCountWeight" signature="" line-rate="1" branch-rate="0" complexity="1">
              <lines>
                <line number="283" hits="29"/>
              </lines>
            </method>
            <method name="setVariableCountWeight" signature="float $weight" line-rate="1" branch-rate="0" complexity="1">
              <lines>
                <line number="288" hits="24"/>
              </lines>
            </method>
            <method name="getPropertyCallCountWeight" signature="" line-rate="1" branch-rate="0" complexity="1">
              <lines>
                <line number="293" hits="29"/>
              </lines>
            </method>
            <method name="setPropertyCallCountWeight" signature="float $weight" line-rate="1" branch-rate="0" complexity="1">
              <lines>
                <line number="298" hits="24"/>
              </lines>
            </method>
            <method name="getIfCountWeight" signature="" line-rate="1" branch-rate="0" complexity="1">
              <lines>
                <line number="303" hits="28"/>
              </lines>
            </method>
            <method name="setIfCountWeight" signature="float $weight" line-rate="1" branch-rate="0" complexity="1">
              <lines>
                <line number="308" hits="24"/>
              </lines>
            </method>
            <method name="getIfNestingLevelWeight" signature="" line-rate="1" branch-rate="0" complexity="1">
              <lines>
                <line number="313" hits="29"/>
              </lines>
            </method>
            <method name="setIfNestingLevelWeight" signature="float $weight" line-rate="1" branch-rate="0" complexity="1">
              <lines>
                <line number="318" hits="24"/>
              </lines>
            </method>
            <method name="getElseCountWeight" signature="" line-rate="1" branch-rate="0" complexity="1">
              <lines>
                <line number="323" hits="29"/>
              </lines>
            </method>
            <method name="setElseCountWeight" signature="float $weight" line-rate="1" branch-rate="0" complexity="1">
              <lines>
                <line number="328" hits="24"/>
              </lines>
            </method>
            <method name="setScore" signature="float $score" line-rate="1" branch-rate="0" complexity="1">
              <lines>
                <line number="333" hits="32"/>
              </lines>
            </method>
            <method name="getScore" signature="" line-rate="1" branch-rate="0" complexity="1">
              <lines>
                <line number="338" hits="23"/>
              </lines>
            </method>
            <method name="getLineCountWeightDelta" signature="" line-rate="1" branch-rate="0" complexity="1">
              <lines>
                <line number="343" hits="10"/>
              </lines>
            </method>
            <method name="getArgCountWeightDelta" signature="" line-rate="1" branch-rate="0" complexity="1">
              <lines>
                <line number="348" hits="10"/>
              </lines>
            </method>
            <method name="getReturnCountWeightDelta" signature="" line-rate="1" branch-rate="0" complexity="1">
              <lines>
                <line number="353" hits="10"/>
              </lines>
            </method>
            <method name="getVariableCountWeightDelta" signature="" line-rate="1" branch-rate="0" complexity="1">
              <lines>
                <line number="358" hits="10"/>
              </lines>
            </method>
            <method name="getPropertyCallCountWeightDelta" signature="" line-rate="1" branch-rate="0" complexity="1">
              <lines>
                <line number="363" hits="10"/>
              </lines>
            </method>
            <method name="getIfCountWeightDelta" signature="" line-rate="1" branch-rate="0" complexity="1">
              <lines>
                <line number="368" hits="9"/>
              </lines>
            </method>
            <method name="getIfNestingLevelWeightDelta" signature="" line-rate="1" branch-rate="0" complexity="1">
              <lines>
                <line number="373" hits="10"/>
              </lines>
            </method>
            <method name="getElseCountWeightDelta" signature="" line-rate="1" branch-rate="0" complexity="1">
              <lines>
                <line number="378" hits="10"/>
              </lines>
            </method>
            <method name="getTimesChanged" signature="" line-rate="1" branch-rate="0" complexity="1">
              <lines>
                <line number="383" hits="5"/>
              </lines>
            </method>
            <method name="getFileName" signature="" line-rate="1" branch-rate="0" complexity="1">
              <lines>
                <line number="388" hits="13"/>
              </lines>
            </method>
            <method name="equals" signature="self $metrics" line-rate="1" branch-rate="0" complexity="2">
              <lines>
                <line number="393" hits="1"/>
                <line number="394" hits="1"/>
              </lines>
            </method>
            <method name="toArray" signature="" line-rate="1" branch-rate="0" complexity="1">
              <lines>
                <line number="402" hits="2"/>
                <line number="403" hits="2"/>
                <line number="404" hits="2"/>
                <line number="405" hits="2"/>
                <line number="406" hits="2"/>
                <line number="407" hits="2"/>
                <line number="408" hits="2"/>
                <line number="409" hits="2"/>
                <line number="410" hits="2"/>
                <line number="411" hits="2"/>
                <line number="412" hits="2"/>
                <line number="413" hits="2"/>
                <line number="414" hits="2"/>
                <line number="415" hits="2"/>
                <line number="416" hits="2"/>
                <line number="417" hits="2"/>
                <line number="418" hits="2"/>
                <line number="419" hits="2"/>
                <line number="420" hits="2"/>
                <line number="421" hits="2"/>
                <line number="422" hits="2"/>
                <line number="423" hits="2"/>
                <line number="424" hits="2"/>
                <line number="425" hits="2"/>
                <line number="426" hits="2"/>
                <line number="427" hits="2"/>
                <line number="428" hits="2"/>
                <line number="429" hits="2"/>
                <line number="430" hits="2"/>
              </lines>
            </method>
            <method name="jsonSerialize" signature="" line-rate="1" branch-rate="0" complexity="1">
              <lines>
                <line number="438" hits="1"/>
              </lines>
            </method>
            <method name="getHalstead" signature="" line-rate="1" branch-rate="0" complexity="1">
              <lines>
                <line number="446" hits="11"/>
              </lines>
            </method>
            <method name="getCyclomatic" signature="" line-rate="1" branch-rate="0" complexity="1">
              <lines>
                <line number="454" hits="11"/>
              </lines>
            </method>
          </methods>
          <lines>
            <line number="72" hits="49"/>
            <line number="73" hits="49"/>
            <line number="75" hits="49"/>
            <line number="76" hits="49"/>
            <line number="77" hits="49"/>
            <line number="79" hits="49"/>
            <line number="80" hits="49"/>
            <line number="82" hits="49"/>
            <line number="83" hits="26"/>
            <line number="86" hits="49"/>
            <line number="87" hits="26"/>
            <line number="97" hits="49"/>
            <line number="98" hits="49"/>
            <line number="99" hits="0"/>
            <line number="100" hits="0"/>
            <line number="101" hits="0"/>
            <line number="103" hits="0"/>
            <line number="104" hits="0"/>
            <line number="105" hits="0"/>
            <line number="106" hits="0"/>
            <line number="107" hits="0"/>
            <line number="108" hits="0"/>
            <line number="109" hits="0"/>
            <line number="110" hits="0"/>
            <line number="112" hits="0"/>
            <line number="116" hits="49"/>
            <line number="117" hits="49"/>
            <line number="118" hits="49"/>
            <line number="119" hits="49"/>
            <line number="120" hits="49"/>
            <line number="121" hits="49"/>
            <line number="122" hits="49"/>
            <line number="123" hits="49"/>
            <line number="133" hits="49"/>
            <line number="134" hits="49"/>
            <line number="135" hits="49"/>
            <line number="136" hits="49"/>
            <line number="137" hits="49"/>
            <line number="138" hits="49"/>
            <line number="139" hits="49"/>
            <line number="140" hits="49"/>
            <line number="145" hits="5"/>
            <line number="150" hits="1"/>
            <line number="151" hits="1"/>
            <line number="154" hits="0"/>
            <line number="155" hits="0"/>
            <line number="156" hits="0"/>
            <line number="157" hits="0"/>
            <line number="158" hits="0"/>
            <line number="159" hits="0"/>
            <line number="160" hits="0"/>
            <line number="168" hits="1"/>
            <line number="170" hits="1"/>
            <line number="171" hits="1"/>
            <line number="172" hits="1"/>
            <line number="173" hits="1"/>
            <line number="174" hits="1"/>
            <line number="175" hits="1"/>
            <line number="176" hits="1"/>
            <line number="177" hits="1"/>
            <line number="186" hits="5"/>
            <line number="196" hits="49"/>
            <line number="197" hits="0"/>
            <line number="203" hits="46"/>
            <line number="208" hits="46"/>
            <line number="213" hits="30"/>
            <line number="218" hits="31"/>
            <line number="223" hits="31"/>
            <line number="228" hits="30"/>
            <line number="233" hits="29"/>
            <line number="238" hits="28"/>
            <line number="243" hits="29"/>
            <line number="248" hits="29"/>
            <line number="253" hits="29"/>
            <line number="258" hits="24"/>
            <line number="263" hits="29"/>
            <line number="268" hits="24"/>
            <line number="273" hits="29"/>
            <line number="278" hits="24"/>
            <line number="283" hits="29"/>
            <line number="288" hits="24"/>
            <line number="293" hits="29"/>
            <line number="298" hits="24"/>
            <line number="303" hits="28"/>
            <line number="308" hits="24"/>
            <line number="313" hits="29"/>
            <line number="318" hits="24"/>
            <line number="323" hits="29"/>
            <line number="328" hits="24"/>
            <line number="333" hits="32"/>
            <line number="338" hits="23"/>
            <line number="343" hits="10"/>
            <line number="348" hits="10"/>
            <line number="353" hits="10"/>
            <line number="358" hits="10"/>
            <line number="363" hits="10"/>
            <line number="368" hits="9"/>
            <line number="373" hits="10"/>
            <line number="378" hits="10"/>
            <line number="383" hits="5"/>
            <line number="388" hits="13"/>
            <line number="393" hits="1"/>
            <line number="394" hits="1"/>
            <line number="402" hits="2"/>
            <line number="403" hits="2"/>
            <line number="404" hits="2"/>
            <line number="405" hits="2"/>
            <line number="406" hits="2"/>
            <line number="407" hits="2"/>
            <line number="408" hits="2"/>
            <line number="409" hits="2"/>
            <line number="410" hits="2"/>
            <line number="411" hits="2"/>
            <line number="412" hits="2"/>
            <line number="413" hits="2"/>
            <line number="414" hits="2"/>
            <line number="415" hits="2"/>
            <line number="416" hits="2"/>
            <line number="417" hits="2"/>
            <line number="418" hits="2"/>
            <line number="419" hits="2"/>
            <line number="420" hits="2"/>
            <line number="421" hits="2"/>
            <line number="422" hits="2"/>
            <line number="423" hits="2"/>
            <line number="424" hits="2"/>
            <line number="425" hits="2"/>
            <line number="426" hits="2"/>
            <line number="427" hits="2"/>
            <line number="428" hits="2"/>
            <line number="429" hits="2"/>
            <line number="430" hits="2"/>
            <line number="438" hits="1"/>
            <line number="446" hits="11"/>
            <line number="454" hits="11"/>
          </lines>
        </class>
      </classes>
    </package>
    <package name="Business/Cognitive/CognitiveMetricsCollection.php" line-rate="0.70967741935484" branch-rate="0" complexity="16">
      <classes>
        <class name="Phauthentic\CognitiveCodeAnalysis\Business\Cognitive\CognitiveMetricsCollection" filename="Business/Cognitive/CognitiveMetricsCollection.php" line-rate="0.70967741935484" branch-rate="0" complexity="16">
          <methods>
            <method name="add" signature="Phauthentic\CognitiveCodeAnalysis\Business\Cognitive\CognitiveMetrics $metric" line-rate="1" branch-rate="0" complexity="1">
              <lines>
                <line number="32" hits="43"/>
              </lines>
            </method>
            <method name="filter" signature="Closure $callback" line-rate="1" branch-rate="0" complexity="2">
              <lines>
                <line number="42" hits="1"/>
                <line number="44" hits="1"/>
                <line number="45" hits="1"/>
                <line number="46" hits="1"/>
                <line number="49" hits="1"/>
              </lines>
            </method>
            <method name="getIterator" signature="" line-rate="1" branch-rate="0" complexity="1">
              <lines>
                <line number="60" hits="33"/>
              </lines>
            </method>
            <method name="count" signature="" line-rate="1" branch-rate="0" complexity="1">
              <lines>
                <line number="68" hits="17"/>
              </lines>
            </method>
            <method name="filterWithScoreGreaterThan" signature="float $score" line-rate="0" branch-rate="0" complexity="1">
              <lines>
                <line number="73" hits="0"/>
                <line number="74" hits="0"/>
                <line number="75" hits="0"/>
              </lines>
            </method>
            <method name="contains" signature="Phauthentic\CognitiveCodeAnalysis\Business\Cognitive\CognitiveMetrics $otherMetric" line-rate="1" branch-rate="0" complexity="1">
              <lines>
                <line number="80" hits="29"/>
              </lines>
            </method>
            <method name="getClassWithMethod" signature="string $class, string $method" line-rate="0.75" branch-rate="0" complexity="2">
              <lines>
                <line number="85" hits="3"/>
                <line number="86" hits="3"/>
                <line number="87" hits="3"/>
                <line number="90" hits="0"/>
              </lines>
            </method>
            <method name="filterByClassName" signature="string $className" line-rate="0" branch-rate="0" complexity="1">
              <lines>
                <line number="95" hits="0"/>
                <line number="96" hits="0"/>
                <line number="97" hits="0"/>
              </lines>
            </method>
            <method name="assertMetricHasGetter" signature="Phauthentic\CognitiveCodeAnalysis\Business\Cognitive\CognitiveMetrics $metric, string $getter, string $property" line-rate="0.5" branch-rate="0" complexity="2">
              <lines>
                <line number="105" hits="12"/>
                <line number="106" hits="0"/>
              </lines>
            </method>
            <method name="groupBy" signature="string $property" line-rate="1" branch-rate="0" complexity="3">
              <lines>
                <line number="119" hits="12"/>
                <line number="121" hits="12"/>
                <line number="122" hits="12"/>
                <line number="123" hits="12"/>
                <line number="125" hits="12"/>
                <line number="126" hits="12"/>
                <line number="127" hits="12"/>
                <line number="130" hits="12"/>
                <line number="133" hits="12"/>
              </lines>
            </method>
            <method name="jsonSerialize" signature="" line-rate="0" branch-rate="0" complexity="1">
              <lines>
                <line number="141" hits="0"/>
              </lines>
            </method>
          </methods>
          <lines>
            <line number="32" hits="43"/>
            <line number="42" hits="1"/>
            <line number="44" hits="1"/>
            <line number="45" hits="1"/>
            <line number="46" hits="1"/>
            <line number="49" hits="1"/>
            <line number="60" hits="33"/>
            <line number="68" hits="17"/>
            <line number="73" hits="0"/>
            <line number="74" hits="0"/>
            <line number="75" hits="0"/>
            <line number="80" hits="29"/>
            <line number="85" hits="3"/>
            <line number="86" hits="3"/>
            <line number="87" hits="3"/>
            <line number="90" hits="0"/>
            <line number="95" hits="0"/>
            <line number="96" hits="0"/>
            <line number="97" hits="0"/>
            <line number="105" hits="12"/>
            <line number="106" hits="0"/>
            <line number="119" hits="12"/>
            <line number="121" hits="12"/>
            <line number="122" hits="12"/>
            <line number="123" hits="12"/>
            <line number="125" hits="12"/>
            <line number="126" hits="12"/>
            <line number="127" hits="12"/>
            <line number="130" hits="12"/>
            <line number="133" hits="12"/>
            <line number="141" hits="0"/>
          </lines>
        </class>
      </classes>
    </package>
    <package name="Business/Cognitive/CognitiveMetricsCollector.php" line-rate="0.84285714285714" branch-rate="0" complexity="26">
      <classes>
        <class name="Phauthentic\CognitiveCodeAnalysis\Business\Cognitive\CognitiveMetricsCollector" filename="Business/Cognitive/CognitiveMetricsCollector.php" line-rate="0.84285714285714" branch-rate="0" complexity="26">
          <methods>
            <method name="__construct" signature="Phauthentic\CognitiveCodeAnalysis\Business\Cognitive\Parser $parser, Phauthentic\CognitiveCodeAnalysis\Business\Utility\DirectoryScanner $directoryScanner, Phauthentic\CognitiveCodeAnalysis\Config\ConfigService $configService, Symfony\Component\Messenger\MessageBusInterface $messageBus" line-rate="1" branch-rate="0" complexity="1">
              <lines>
                <line number="35" hits="34"/>
              </lines>
            </method>
            <method name="collect" signature="string $path, Phauthentic\CognitiveCodeAnalysis\Config\CognitiveConfig $config" line-rate="1" branch-rate="0" complexity="2">
              <lines>
[...]
            <line number="385" hits="37"/>
            <line number="386" hits="37"/>
            <line number="387" hits="37"/>
            <line number="388" hits="37"/>
            <line number="389" hits="37"/>
            <line number="390" hits="37"/>
            <line number="393" hits="37"/>
            <line number="394" hits="37"/>
            <line number="395" hits="37"/>
            <line number="396" hits="37"/>
            <line number="397" hits="37"/>
            <line number="401" hits="37"/>
            <line number="402" hits="30"/>
            <line number="403" hits="30"/>
            <line number="404" hits="30"/>
            <line number="405" hits="30"/>
            <line number="406" hits="30"/>
            <line number="407" hits="30"/>
            <line number="409" hits="30"/>
            <line number="410" hits="11"/>
            <line number="412" hits="30"/>
            <line number="413" hits="11"/>
            <line number="417" hits="37"/>
            <line number="429" hits="37"/>
            <line number="430" hits="25"/>
            <line number="431" hits="25"/>
            <line number="432" hits="37"/>
          </lines>
        </class>
      </classes>
    </package>
    <package name="PhpParser/HalsteadMetricsVisitor.php" line-rate="0.97350993377483" branch-rate="0" complexity="67">
      <classes>
        <class name="Phauthentic\CognitiveCodeAnalysis\PhpParser\HalsteadMetricsVisitor" filename="PhpParser/HalsteadMetricsVisitor.php" line-rate="0.97350993377483" branch-rate="0" complexity="67">
          <methods>
            <method name="setAnnotationVisitor" signature="Phauthentic\CognitiveCodeAnalysis\PhpParser\AnnotationVisitor $annotationVisitor" line-rate="1" branch-rate="0" complexity="1">
              <lines>
                <line number="46" hits="43"/>
              </lines>
            </method>
            <method name="enterNode" signature="PhpParser\Node $node" line-rate="0.94285714285714" branch-rate="0" complexity="17">
              <lines>
                <line number="65" hits="38"/>
                <line number="66" hits="38"/>
                <line number="67" hits="37"/>
                <line number="68" hits="38"/>
                <line number="69" hits="38"/>
                <line number="70" hits="38"/>
                <line number="74" hits="38"/>
                <line number="75" hits="38"/>
                <line number="76" hits="38"/>
                <line number="78" hits="0"/>
                <line number="80" hits="38"/>
                <line number="81" hits="38"/>
                <line number="83" hits="35"/>
                <line number="84" hits="17"/>
                <line number="87" hits="35"/>
                <line number="90" hits="35"/>
                <line number="91" hits="0"/>
                <line number="94" hits="35"/>
                <line number="95" hits="35"/>
                <line number="96" hits="35"/>
                <line number="97" hits="38"/>
                <line number="98" hits="38"/>
                <line number="99" hits="34"/>
                <line number="100" hits="34"/>
                <line number="101" hits="34"/>
                <line number="103" hits="38"/>
                <line number="104" hits="38"/>
                <line number="105" hits="35"/>
                <line number="106" hits="35"/>
                <line number="107" hits="35"/>
                <line number="109" hits="38"/>
                <line number="110" hits="38"/>
                <line number="111" hits="38"/>
                <line number="113" hits="38"/>
                <line number="114" hits="38"/>
              </lines>
            </method>
            <method name="setCurrentNamespace" signature="PhpParser\Node\Stmt\Namespace_ $node" line-rate="1" branch-rate="0" complexity="2">
              <lines>
                <line number="120" hits="37"/>
              </lines>
            </method>
            <method name="setCurrentClassName" signature="PhpParser\Node $node" line-rate="1" branch-rate="0" complexity="3">
              <lines>
                <line number="126" hits="38"/>
                <line number="127" hits="4"/>
                <line number="128" hits="4"/>
                <line number="131" hits="38"/>
                <line number="133" hits="38"/>
                <line number="134" hits="38"/>
              </lines>
            </method>
            <method name="normalizeFqcn" signature="string $fqcn" line-rate="1" branch-rate="0" complexity="3">
              <lines>
                <line number="142" hits="38"/>
                <line number="143" hits="25"/>
                <line number="146" hits="38"/>
              </lines>
            </method>
            <method name="addOperator" signature="PhpParser\Node $node" line-rate="1" branch-rate="0" complexity="1">
              <lines>
                <line number="151" hits="34"/>
              </lines>
            </method>
            <method name="addOperand" signature="PhpParser\Node $node" line-rate="1" branch-rate="0" complexity="1">
              <lines>
                <line number="156" hits="35"/>
              </lines>
            </method>
            <method name="leaveNode" signature="PhpParser\Node $node" line-rate="1" branch-rate="0" complexity="6">
              <lines>
                <line number="161" hits="38"/>
                <line number="163" hits="35"/>
                <line number="164" hits="31"/>
                <line number="165" hits="31"/>
                <line number="167" hits="35"/>
                <line number="168" hits="35"/>
                <line number="169" hits="35"/>
                <line number="172" hits="38"/>
                <line number="174" hits="38"/>
                <line number="175" hits="38"/>
                <line number="178" hits="38"/>
                <line number="179" hits="37"/>
              </lines>
            </method>
            <method name="isOperator" signature="PhpParser\Node $node" line-rate="1" branch-rate="0" complexity="4">
              <lines>
                <line number="185" hits="38"/>
                <line number="186" hits="38"/>
                <line number="187" hits="38"/>
                <line number="188" hits="38"/>
              </lines>
            </method>
            <method name="isOperand" signature="PhpParser\Node $node" line-rate="1" branch-rate="0" complexity="4">
              <lines>
                <line number="193" hits="38"/>
                <line number="194" hits="38"/>
                <line number="195" hits="38"/>
                <line number="196" hits="38"/>
              </lines>
            </method>
            <method name="getOperandValue" signature="PhpParser\Node $node" line-rate="0.85714285714286" branch-rate="0" complexity="5">
              <lines>
                <line number="201" hits="35"/>
                <line number="202" hits="34"/>
                <line number="205" hits="34"/>
                <line number="206" hits="28"/>
                <line number="209" hits="34"/>
                <line number="210" hits="34"/>
                <line number="213" hits="0"/>
              </lines>
            </method>
            <method name="storeClassMetrics" signature="" line-rate="1" branch-rate="0" complexity="2">
              <lines>
                <line number="218" hits="38"/>
                <line number="219" hits="34"/>
              </lines>
            </method>
            <method name="resetMetrics" signature="" line-rate="1" branch-rate="0" complexity="1">
              <lines>
                <line number="226" hits="38"/>
                <line number="227" hits="38"/>
                <line number="228" hits="38"/>
                <line number="229" hits="38"/>
                <line number="230" hits="38"/>
                <line number="231" hits="38"/>
                <line number="232" hits="38"/>
              </lines>
            </method>
            <method name="resetAll" signature="" line-rate="1" branch-rate="0" complexity="1">
              <lines>
                <line number="241" hits="13"/>
                <line number="242" hits="13"/>
                <line number="243" hits="13"/>
                <line number="244" hits="13"/>
                <line number="245" hits="13"/>
                <line number="246" hits="13"/>
                <line number="247" hits="13"/>
                <line number="248" hits="13"/>
                <line number="249" hits="13"/>
              </lines>
            </method>
            <method name="calculateMetrics" signature="" line-rate="1" branch-rate="0" complexity="1">
              <lines>
                <line number="255" hits="34"/>
                <line number="256" hits="34"/>
                <line number="257" hits="34"/>
                <line number="258" hits="34"/>
                <line number="261" hits="34"/>
                <line number="262" hits="34"/>
                <line number="265" hits="34"/>
                <line number="266" hits="34"/>
                <line number="267" hits="34"/>
                <line number="270" hits="34"/>
                <line number="271" hits="34"/>
                <line number="272" hits="34"/>
                <line number="273" hits="34"/>
                <line number="274" hits="34"/>
                <line number="275" hits="34"/>
                <line number="276" hits="34"/>
                <line number="277" hits="34"/>
                <line number="278" hits="34"/>
                <line number="279" hits="34"/>
                <line number="280" hits="34"/>
                <line number="281" hits="34"/>
              </lines>
            </method>
            <method name="calculateMetricsFor" signature="array $operators, array $operands, string $fqName" line-rate="1" branch-rate="0" complexity="4">
              <lines>
                <line number="286" hits="31"/>
                <line number="287" hits="31"/>
                <line number="288" hits="31"/>
                <line number="289" hits="31"/>
                <line number="290" hits="31"/>
                <line number="291" hits="31"/>
                <line number="292" hits="31"/>
                <line number="293" hits="31"/>
                <line number="294" hits="31"/>
                <line number="296" hits="31"/>
                <line number="297" hits="31"/>
                <line number="298" hits="31"/>
                <line number="299" hits="31"/>
                <line number="300" hits="31"/>
                <line number="301" hits="31"/>
                <line number="302" hits="31"/>
                <line number="303" hits="31"/>
                <line number="304" hits="31"/>
                <line number="305" hits="31"/>
                <line number="306" hits="31"/>
                <line number="307" hits="31"/>
              </lines>
            </method>
            <method name="calculateProgramLength" signature="int $N1, int $N2" line-rate="1" branch-rate="0" complexity="1">
              <lines>
                <line number="319" hits="34"/>
              </lines>
            </method>
            <method name="calculateProgramVocabulary" signature="int $n1, int $n2" line-rate="1" branch-rate="0" complexity="1">
              <lines>
                <line number="331" hits="34"/>
              </lines>
            </method>
            <method name="calculateVolume" signature="int $programLength, int $programVocabulary" line-rate="1" branch-rate="0" complexity="1">
              <lines>
                <line number="343" hits="34"/>
              </lines>
            </method>
            <method name="calculateDifficulty" signature="int $n1, int $N2, int $n2" line-rate="1" branch-rate="0" complexity="2">
              <lines>
                <line number="356" hits="34"/>
                <line number="357" hits="4"/>
                <line number="359" hits="31"/>
              </lines>
            </method>
            <method name="countDistinctOperators" signature="" line-rate="1" branch-rate="0" complexity="1">
              <lines>
                <line number="369" hits="34"/>
              </lines>
            </method>
            <method name="countDistinctOperands" signature="" line-rate="1" branch-rate="0" complexity="1">
              <lines>
                <line number="379" hits="34"/>
              </lines>
            </method>
            <method name="countTotalOperators" signature="" line-rate="1" branch-rate="0" complexity="1">
              <lines>
                <line number="389" hits="34"/>
              </lines>
            </method>
            <method name="countTotalOperands" signature="" line-rate="1" branch-rate="0" complexity="1">
              <lines>
                <line number="399" hits="34"/>
              </lines>
            </method>
            <method name="getMetrics" signature="" line-rate="0.83333333333333" branch-rate="0" complexity="2">
              <lines>
                <line number="405" hits="38"/>
                <line number="406" hits="0"/>
                <line number="409" hits="38"/>
                <line number="410" hits="38"/>
                <line number="411" hits="38"/>
                <line number="412" hits="38"/>
              </lines>
            </method>
          </methods>
          <lines>
            <line number="46" hits="43"/>
            <line number="65" hits="38"/>
            <line number="66" hits="38"/>
            <line number="67" hits="37"/>
            <line number="68" hits="38"/>
            <line number="69" hits="38"/>
            <line number="70" hits="38"/>
            <line number="74" hits="38"/>
            <line number="75" hits="38"/>
            <line number="76" hits="38"/>
            <line number="78" hits="0"/>
            <line number="80" hits="38"/>
            <line number="81" hits="38"/>
            <line number="83" hits="35"/>
            <line number="84" hits="17"/>
            <line number="87" hits="35"/>
            <line number="90" hits="35"/>
            <line number="91" hits="0"/>
            <line number="94" hits="35"/>
            <line number="95" hits="35"/>
            <line number="96" hits="35"/>
            <line number="97" hits="38"/>
            <line number="98" hits="38"/>
            <line number="99" hits="34"/>
            <line number="100" hits="34"/>
            <line number="101" hits="34"/>
            <line number="103" hits="38"/>
            <line number="104" hits="38"/>
            <line number="105" hits="35"/>
            <line number="106" hits="35"/>
            <line number="107" hits="35"/>
            <line number="109" hits="38"/>
            <line number="110" hits="38"/>
            <line number="111" hits="38"/>
            <line number="113" hits="38"/>
            <line number="114" hits="38"/>
            <line number="120" hits="37"/>
            <line number="126" hits="38"/>
            <line number="127" hits="4"/>
            <line number="128" hits="4"/>
            <line number="131" hits="38"/>
            <line number="133" hits="38"/>
            <line number="134" hits="38"/>
            <line number="142" hits="38"/>
            <line number="143" hits="25"/>
            <line number="146" hits="38"/>
            <line number="151" hits="34"/>
            <line number="156" hits="35"/>
            <line number="161" hits="38"/>
            <line number="163" hits="35"/>
            <line number="164" hits="31"/>
            <line number="165" hits="31"/>
            <line number="167" hits="35"/>
            <line number="168" hits="35"/>
            <line number="169" hits="35"/>
            <line number="172" hits="38"/>
            <line number="174" hits="38"/>
            <line number="175" hits="38"/>
            <line number="178" hits="38"/>
            <line number="179" hits="37"/>
            <line number="185" hits="38"/>
            <line number="186" hits="38"/>
            <line number="187" hits="38"/>
            <line number="188" hits="38"/>
            <line number="193" hits="38"/>
            <line number="194" hits="38"/>
            <line number="195" hits="38"/>
            <line number="196" hits="38"/>
            <line number="201" hits="35"/>
            <line number="202" hits="34"/>
            <line number="205" hits="34"/>
            <line number="206" hits="28"/>
            <line number="209" hits="34"/>
            <line number="210" hits="34"/>
            <line number="213" hits="0"/>
            <line number="218" hits="38"/>
            <line number="219" hits="34"/>
            <line number="226" hits="38"/>
            <line number="227" hits="38"/>
            <line number="228" hits="38"/>
            <line number="229" hits="38"/>
            <line number="230" hits="38"/>
            <line number="231" hits="38"/>
            <line number="232" hits="38"/>
            <line number="241" hits="13"/>
            <line number="242" hits="13"/>
            <line number="243" hits="13"/>
            <line number="244" hits="13"/>
            <line number="245" hits="13"/>
            <line number="246" hits="13"/>
            <line number="247" hits="13"/>
            <line number="248" hits="13"/>
            <line number="249" hits="13"/>
            <line number="255" hits="34"/>
            <line number="256" hits="34"/>
            <line number="257" hits="34"/>
            <line number="258" hits="34"/>
            <line number="261" hits="34"/>
            <line number="262" hits="34"/>
            <line number="265" hits="34"/>
            <line number="266" hits="34"/>
            <line number="267" hits="34"/>
            <line number="270" hits="34"/>
            <line number="271" hits="34"/>
            <line number="272" hits="34"/>
            <line number="273" hits="34"/>
            <line number="274" hits="34"/>
            <line number="275" hits="34"/>
            <line number="276" hits="34"/>
            <line number="277" hits="34"/>
            <line number="278" hits="34"/>
            <line number="279" hits="34"/>
            <line number="280" hits="34"/>
            <line number="281" hits="34"/>
            <line number="286" hits="31"/>
            <line number="287" hits="31"/>
            <line number="288" hits="31"/>
            <line number="289" hits="31"/>
            <line number="290" hits="31"/>
            <line number="291" hits="31"/>
            <line number="292" hits="31"/>
            <line number="293" hits="31"/>
            <line number="294" hits="31"/>
            <line number="296" hits="31"/>
            <line number="297" hits="31"/>
            <line number="298" hits="31"/>
            <line number="299" hits="31"/>
            <line number="300" hits="31"/>
            <line number="301" hits="31"/>
            <line number="302" hits="31"/>
            <line number="303" hits="31"/>
            <line number="304" hits="31"/>
            <line number="305" hits="31"/>
            <line number="306" hits="31"/>
            <line number="307" hits="31"/>
            <line number="319" hits="34"/>
            <line number="331" hits="34"/>
            <line number="343" hits="34"/>
            <line number="356" hits="34"/>
            <line number="357" hits="4"/>
            <line number="359" hits="31"/>
            <line number="369" hits="34"/>
            <line number="379" hits="34"/>
            <line number="389" hits="34"/>
            <line number="399" hits="34"/>
            <line number="405" hits="38"/>
            <line number="406" hits="0"/>
            <line number="409" hits="38"/>
            <line number="410" hits="38"/>
            <line number="411" hits="38"/>
            <line number="412" hits="38"/>
          </lines>
        </class>
      </classes>
    </package>
  </packages>
</coverage>
