<?xml version="1.0" encoding="UTF-8"?>
<!DOCTYPE coverage SYSTEM "http://cobertura.sourceforge.net/xml/coverage-04.dtd">
<coverage line-rate="0.8" branch-rate="0" lines-covered="120" lines-valid="150" branches-covered="0" branches-valid="0" complexity="15" version="0.4" timestamp="1759302494">
  <sources>
    <source>/home/florian/projects/cognitive-code-analysis/tests/TestCode</source>
  </sources>
  <packages>
    <package name="Paginator.php" line-rate="0.8" branch-rate="0" complexity="15">
      <classes>
        <class name="Doctrine\ORM\Tools\Pagination\Paginator" filename="Paginator.php" line-rate="0.8" branch-rate="0" complexity="15">
          <methods>
            <method name="__construct" signature="" line-rate="1" branch-rate="0" complexity="2">
              <lines>
                <line number="47" hits="25"/>
                <line number="48" hits="10"/>
                <line number="51" hits="25"/>
              </lines>
            </method>
            <method name="getQuery" signature="" line-rate="1" branch-rate="0" complexity="1">
              <lines>
                <line number="59" hits="50"/>
              </lines>
            </method>
            <method name="getFetchJoinCollection" signature="" line-rate="1" branch-rate="0" complexity="1">
              <lines>
                <line number="68" hits="15"/>
              </lines>
            </method>
            <method name="getUseOutputWalkers" signature="" line-rate="1" branch-rate="0" complexity="1">
              <lines>
                <line number="77" hits="5"/>
              </lines>
            </method>
            <method name="setUseOutputWalkers" signature="" line-rate="1" branch-rate="0" complexity="1">
              <lines>
                <line number="87" hits="8"/>
                <line number="88" hits="8"/>
                <line number="90" hits="8"/>
              </lines>
            </method>
            <method name="count" signature="" line-rate="0" branch-rate="0" complexity="2">
              <lines>
                <line number="100" hits="0"/>
                <line number="101" hits="0"/>
                <line number="102" hits="0"/>
                <line number="103" hits="0"/>
              </lines>
            </method>
            <method name="getIterator" signature="" line-rate="0.75" branch-rate="0" complexity="6">
              <lines>
                <line number="117" hits="20"/>
                <line number="118" hits="20"/>
                <line number="120" hits="20"/>
                <line number="121" hits="15"/>
                <line number="122" hits="15"/>
                <line number="123" hits="5"/>
                <line number="124" hits="5"/>
                <line number="126" hits="20"/>
                <line number="127" hits="15"/>
                <line number="128" hits="0"/>
                <line number="130" hits="15"/>
              </lines>
            </method>
            <method name="cloneQuery" signature="" line-rate="1" branch-rate="0" complexity="1">
              <lines>
                <line number="169" hits="35"/>
                <line number="170" hits="35"/>
              </lines>
            </method>
            <method name="useOutputWalker" signature="" line-rate="0.75" branch-rate="0" complexity="2">
              <lines>
                <line number="180" hits="22"/>
                <line number="181" hits="15"/>
                <line number="182" hits="0"/>
                <line number="185" hits="22"/>
              </lines>
            </method>
            <method name="appendTreeWalker" signature="" line-rate="1" branch-rate="0" complexity="2">
              <lines>
                <line number="195" hits="18"/>
                <line number="196" hits="10"/>
                <line number="197" hits="10"/>
                <line number="200" hits="18"/>
              </lines>
            </method>
            <method name="getCountQuery" signature="" line-rate="0" branch-rate="0" complexity="3">
              <lines>
                <line number="214" hits="0"/>
                <line number="215" hits="0"/>
                <line number="216" hits="0"/>
              </lines>
            </method>
            <method name="unbindUnusedQueryParams" signature="" line-rate="1" branch-rate="0" complexity="2">
              <lines>
                <line number="250" hits="12"/>
                <line number="251" hits="12"/>
                <line number="252" hits="8"/>
                <line number="253" hits="8"/>
              </lines>
            </method>
            <method name="convertWhereInIdentifiersToDatabaseValues" signature="" line-rate="1" branch-rate="0" complexity="1">
              <lines>
                <line number="265" hits="25"/>
                <line number="266" hits="25"/>
              </lines>
            </method>
          </methods>
        </class>
      </classes>
    </package>
  </packages>
</coverage>
