<?xml version="1.0" encoding="UTF-8"?>
<coverage generated="1759745033">
  <project timestamp="1759745033">
    <package name="Doctrine\ORM\Tools\Pagination">
      <file name="/home/florian/projects/cognitive-code-analysis/tests/TestCode/Paginator.php">
        <class name="Doctrine\ORM\Tools\Pagination\Paginator" namespace="Doctrine\ORM\Tools\Pagination">
          <metrics complexity="15" methods="13" coveredmethods="10" conditionals="0" coveredconditionals="0" statements="150" coveredstatements="120" elements="163" coveredelements="130"/>
        </class>
        <line num="43" type="method" name="__construct" visibility="public" complexity="2" crap="2" count="25"/>
        <line num="47" type="stmt" count="25"/>
        <line num="48" type="stmt" count="10"/>
        <line num="51" type="stmt" count="25"/>
        <line num="57" type="method" name="getQuery" visibility="public" complexity="1" crap="1" count="50"/>
        <line num="59" type="stmt" count="50"/>
        <line num="66" type="method" name="getFetchJoinCollection" visibility="public" complexity="1" crap="1" count="15"/>
        <line num="68" type="stmt" count="15"/>
        <line num="75" type="method" name="getUseOutputWalkers" visibility="public" complexity="1" crap="1" count="5"/>
        <line num="77" type="stmt" count="5"/>
        <line num="85" type="method" name="setUseOutputWalkers" visibility="public" complexity="1" crap="1" count="8"/>
        <line num="87" type="stmt" count="8"/>
        <line num="88" type="stmt" count="8"/>
        <line num="90" type="stmt" count="8"/>
        <line num="98" type="method" name="count" visibility="public" complexity="2" crap="2" count="0"/>
        <line num="100" type="stmt" count="0"/>
        <line num="101" type="stmt" count="0"/>
        <line num="102" type="stmt" count="0"/>
        <line num="103" type="stmt" count="0"/>
        <line num="115" type="method" name="getIterator" visibility="public" complexity="6" crap="6.13" count="20"/>
        <line num="117" type="stmt" count="20"/>
        <line num="118" type="stmt" count="20"/>
        <line num="120" type="stmt" count="20"/>
        <line num="121" type="stmt" count="15"/>
        <line num="122" type="stmt" count="15"/>
        <line num="123" type="stmt" count="5"/>
        <line num="124" type="stmt" count="5"/>
        <line num="126" type="stmt" count="20"/>
        <line num="127" type="stmt" count="15"/>
        <line num="128" type="stmt" count="0"/>
        <line num="130" type="stmt" count="15"/>
        <line num="167" type="method" name="cloneQuery" visibility="private" complexity="1" crap="1" count="35"/>
        <line num="169" type="stmt" count="35"/>
        <line num="170" type="stmt" count="35"/>
        <line num="178" type="method" name="useOutputWalker" visibility="private" complexity="2" crap="2.15" count="22"/>
        <line num="180" type="stmt" count="22"/>
        <line num="181" type="stmt" count="15"/>
        <line num="182" type="stmt" count="0"/>
        <line num="185" type="stmt" count="22"/>
        <line num="193" type="method" name="appendTreeWalker" visibility="private" complexity="2" crap="2" count="18"/>
        <line num="195" type="stmt" count="18"/>
        <line num="196" type="stmt" count="10"/>
        <line num="197" type="stmt" count="10"/>
        <line num="200" type="stmt" count="18"/>
        <line num="212" type="method" name="getCountQuery" visibility="private" complexity="3" crap="3.03" count="0"/>
        <line num="214" type="stmt" count="0"/>
        <line num="215" type="stmt" count="0"/>
        <line num="216" type="stmt" count="0"/>
        <line num="248" type="method" name="unbindUnusedQueryParams" visibility="private" complexity="2" crap="2" count="12"/>
        <line num="250" type="stmt" count="12"/>
        <line num="251" type="stmt" count="12"/>
        <line num="252" type="stmt" count="8"/>
        <line num="253" type="stmt" count="8"/>
        <line num="263" type="method" name="convertWhereInIdentifiersToDatabaseValues" visibility="private" complexity="1" crap="1" count="25"/>
        <line num="265" type="stmt" count="25"/>
        <line num="266" type="stmt" count="25"/>
      </file>
    </package>
  </project>
</coverage>
